#
# A fatal error has been detected by the Java Runtime Environment:
#
#  EXCEPTION_ACCESS_VIOLATION (0xc0000005) at pc=0x000007fed107e300, pid=8268, tid=4984
#
# JRE version: Java(TM) SE Runtime Environment (12.0.1+12) (build 12.0.1+12)
# Java VM: Java HotSpot(TM) 64-Bit Server VM (12.0.1+12, mixed mode, sharing, tiered, compressed oops, g1 gc, windows-amd64)
# Problematic frame:
# V  [jvm.dll+0x37e300]
#
# No core dump will be written. Minidumps are not enabled by default on client versions of Windows
#
# If you would like to submit a bug report, please visit:
#   http://bugreport.java.com/bugreport/crash.jsp
#

---------------  S U M M A R Y ------------

Command Line: -ea -Didea.test.cyclic.buffer.size=1048576 -javaagent:C:\Program Files\JetBrains\IntelliJ IDEA 2019.1.3\lib\idea_rt.jar=5016:C:\Program Files\JetBrains\IntelliJ IDEA 2019.1.3\bin -Dfile.encoding=UTF-8 com.intellij.rt.execution.junit.JUnitStarter -ideVersion5 -junit5 @w@C:\Users\SUNGBUM\AppData\Local\Temp\idea_working_dirs_junit.tmp @C:\Users\SUNGBUM\AppData\Local\Temp\idea_junit.tmp -socket5015

Host: Intel(R) Core(TM) i3-5010U CPU @ 2.10GHz, 4 cores, 3G,  Windows 7 , 64 bit Build 7601 (6.1.7601.18015)
Time: Sat Jul 20 20:24:45 2019 ¢¥eCN©öI¡¾©ö C¡ÍA¨ª¨öA elapsed time: 13 seconds (0d 0h 0m 13s)

---------------  T H R E A D  ---------------

Current thread (0x000000001fb77000):  JavaThread "C2 CompilerThread0" daemon [_thread_in_native, id=4984, stack(0x0000000020500000,0x0000000020600000)]


Current CompileTask:
C2:  13263 4515   !   4       jdk.internal.loader.BuiltinClassLoader::findClassOnClassPathOrNull (64 bytes)

Stack: [0x0000000020500000,0x0000000020600000],  sp=0x00000000205fb8e8,  free space=1006k
Native frames: (J=compiled Java code, j=interpreted, Vv=VM code, C=native code)
V  [jvm.dll+0x37e300]
V  [jvm.dll+0x1f781f]
V  [jvm.dll+0x1f5c38]
V  [jvm.dll+0x1f51c7]
V  [jvm.dll+0x1f5236]
V  [jvm.dll+0x1aee79]
V  [jvm.dll+0x21c142]
V  [jvm.dll+0x21b20a]
V  [jvm.dll+0x199890]
V  [jvm.dll+0x22a534]
V  [jvm.dll+0x228b88]
V  [jvm.dll+0x74f660]
V  [jvm.dll+0x748648]
V  [jvm.dll+0x638566]
C  [ucrtbase.DLL+0x1d885]
C  [kernel32.dll+0x1652d]
C  [ntdll.dll+0x2c541]


siginfo: EXCEPTION_ACCESS_VIOLATION (0xc0000005), reading address 0x0000000000000000


Register to memory mapping:

RIP=0x000007fed107e300 jvm.dll
RAX=0x0 is NULL
RBX=0x0000000027813f10 points into unknown readable memory: 0e 00 00 00 00 00 00 00
RCX=0x00000000205fb980 is pointing into the stack for thread: 0x000000001fb77000
RDX=0x0000000000001000 is an unknown value
RSP=0x00000000205fb8e8 is pointing into the stack for thread: 0x000000001fb77000
RBP=0x00000000000017ac is an unknown value
RSI=0x00000000205fbd50 is pointing into the stack for thread: 0x000000001fb77000
RDI=0x0000000000103ec0 is an unknown value
R8 =0x0000000000001000 is an unknown value
R9 =0x0000000020c5e720 points into unknown readable memory: 00 00 00 00 00 00 00 00
R10=0x000007fed0d00000 jvm.dll
R11=0x000000001ef0e860 points into unknown readable memory: 00 ed b6 1f 00 00 00 00
R12=0x000000002799cbd0 points into unknown readable memory: 86 e9 cc 61 c4 4c 9b 40
R13=0x000007fed17946f0 jvm.dll
R14=0x000000000000000c is an unknown value
R15=0x000007fed0d00000 jvm.dll


Registers:
RAX=0x0000000000000000, RBX=0x0000000027813f10, RCX=0x00000000205fb980, RDX=0x0000000000001000
RSP=0x00000000205fb8e8, RBP=0x00000000000017ac, RSI=0x00000000205fbd50, RDI=0x0000000000103ec0
R8 =0x0000000000001000, R9 =0x0000000020c5e720, R10=0x000007fed0d00000, R11=0x000000001ef0e860
R12=0x000000002799cbd0, R13=0x000007fed17946f0, R14=0x000000000000000c, R15=0x000007fed0d00000
RIP=0x000007fed107e300, EFLAGS=0x0000000000010246

Top of Stack: (sp=0x00000000205fb8e8)
0x00000000205fb8e8:   000007fed0ef781f 0000000027809fb0
0x00000000205fb8f8:   00000000000017ac 00000000205fbd50
0x00000000205fb908:   0000000000000000 0000287800000000
0x00000000205fb918:   000007fe00000008 00000000265fafc0
0x00000000205fb928:   0000000000000029 0000000021b6fe58
0x00000000205fb938:   0000000000000029 00000000277fcbd0
0x00000000205fb948:   0000262400000000 0000287800000008
0x00000000205fb958:   000000002173edc0 0000000000000029
0x00000000205fb968:   0000000022e052b8 0000000000000029
0x00000000205fb978:   000000002788d130 00001a0300000000
0x00000000205fb988:   0000262400000008 000000002396d8c0
0x00000000205fb998:   000000000000001a 0000000025dabb10
0x00000000205fb9a8:   0000000000000029 00000000205fbd70
0x00000000205fb9b8:   000000002788d130 000000000017d0e0
0x00000000205fb9c8:   000000002213c170 000000002213c170
0x00000000205fb9d8:   00000000000017ac 000000002788d130 

Instructions: (pc=0x000007fed107e300)
0x000007fed107e2e0:   00 00 00 89 41 28 4c 89 41 10 48 8b 42 08 48 89
0x000007fed107e2f0:   41 20 48 8b c1 48 89 51 30 c3 cc cc cc cc cc cc
0x000007fed107e300:   48 83 ec 28 4c 8b c9 8b 49 08 83 f9 08 73 1c 4d
0x000007fed107e310:   8b 51 10 44 8b c1 8d 51 01 43 83 3c 82 00 0f 85 


Stack slot to memory mapping:
stack at sp + 0 slots: 0x000007fed0ef781f jvm.dll
stack at sp + 1 slots: 0x0000000027809fb0 points into unknown readable memory: 0e 00 00 00 00 00 00 00
stack at sp + 2 slots: 0x00000000000017ac is an unknown value
stack at sp + 3 slots: 0x00000000205fbd50 is pointing into the stack for thread: 0x000000001fb77000
stack at sp + 4 slots: 0x0 is NULL
stack at sp + 5 slots: 0x0000287800000000 is an unknown value
stack at sp + 6 slots: 0x000007fe00000008 is an unknown value
stack at sp + 7 slots: 0x00000000265fafc0 points into unknown readable memory: 20 00 01 04 00 00 80 40


---------------  P R O C E S S  ---------------

Threads class SMR info:
_java_thread_list=0x0000000020c174e0, length=14, elements={
0x00000000004ca000, 0x000000001ef0c000, 0x000000001ef0d800, 0x000000001fb73000,
0x000000001fb76000, 0x000000001fb77000, 0x000000001fb7b800, 0x000000001fbd0000,
0x000000001fc8f800, 0x0000000020b7e800, 0x0000000020b81000, 0x0000000022f9d000,
0x0000000022f9e000, 0x0000000022f9e800
}

Java Threads: ( => current thread )
  0x00000000004ca000 JavaThread "main" [_thread_in_vm, id=8996, stack(0x00000000020a0000,0x00000000021a0000)]
  0x000000001ef0c000 JavaThread "Reference Handler" daemon [_thread_blocked, id=2712, stack(0x000000001fff0000,0x00000000200f0000)]
  0x000000001ef0d800 JavaThread "Finalizer" daemon [_thread_blocked, id=9296, stack(0x000000001fd00000,0x000000001fe00000)]
  0x000000001fb73000 JavaThread "Signal Dispatcher" daemon [_thread_blocked, id=1528, stack(0x0000000020120000,0x0000000020220000)]
  0x000000001fb76000 JavaThread "Attach Listener" daemon [_thread_blocked, id=9608, stack(0x0000000020250000,0x0000000020350000)]
=>0x000000001fb77000 JavaThread "C2 CompilerThread0" daemon [_thread_in_native, id=4984, stack(0x0000000020500000,0x0000000020600000)]
  0x000000001fb7b800 JavaThread "C1 CompilerThread0" daemon [_thread_blocked, id=7316, stack(0x00000000206f0000,0x00000000207f0000)]
  0x000000001fbd0000 JavaThread "Sweeper thread" daemon [_thread_blocked, id=9320, stack(0x00000000208b0000,0x00000000209b0000)]
  0x000000001fc8f800 JavaThread "Common-Cleaner" daemon [_thread_blocked, id=9240, stack(0x0000000020390000,0x0000000020490000)]
  0x0000000020b7e800 JavaThread "Monitor Ctrl-Break" daemon [_thread_in_native, id=2512, stack(0x0000000020dc0000,0x0000000020ec0000)]
  0x0000000020b81000 JavaThread "Service Thread" daemon [_thread_blocked, id=9080, stack(0x00000000210f0000,0x00000000211f0000)]
  0x0000000022f9d000 JavaThread "mysql-cj-abandoned-connection-cleanup" daemon [_thread_blocked, id=3604, stack(0x0000000024e00000,0x0000000024f00000)]
  0x0000000022f9e000 JavaThread "HikariPool-1 housekeeper" daemon [_thread_blocked, id=4688, stack(0x00000000243a0000,0x00000000244a0000)]
  0x0000000022f9e800 JavaThread "HikariPool-1 connection adder" daemon [_thread_blocked, id=836, stack(0x0000000026e10000,0x0000000026f10000)]

Other Threads:
  0x000000001ef0a000 VMThread "VM Thread" [stack: 0x000000001fe80000,0x000000001ff80000] [id=5640]
  0x0000000020b84000 WatcherThread [stack: 0x0000000021370000,0x0000000021470000] [id=8628]
  0x00000000004f5000 GCTaskThread "GC Thread#0" [stack: 0x000000001c610000,0x000000001c710000] [id=8960]
  0x0000000021891000 GCTaskThread "GC Thread#1" [stack: 0x0000000021f00000,0x0000000022000000] [id=3352]
  0x00000000228b7000 GCTaskThread "GC Thread#2" [stack: 0x00000000244c0000,0x00000000245c0000] [id=9744]
  0x0000000022808800 GCTaskThread "GC Thread#3" [stack: 0x00000000246f0000,0x00000000247f0000] [id=7980]
  0x00000000004fc800 ConcurrentGCThread "G1 Main Marker" [stack: 0x000000001c720000,0x000000001c820000] [id=3324]
  0x00000000004fe800 ConcurrentGCThread "G1 Conc#0" [stack: 0x000000001ca00000,0x000000001cb00000] [id=9496]
  0x000000001ee62000 ConcurrentGCThread "G1 Refine#0" [stack: 0x000000001efe0000,0x000000001f0e0000] [id=5044]
  0x000000001ee62800 ConcurrentGCThread "G1 Young RemSet Sampling" [stack: 0x000000001f190000,0x000000001f290000] [id=7080]

Threads with active compile tasks:
C2 CompilerThread0  4515   !   4       jdk.internal.loader.BuiltinClassLoader::findClassOnClassPathOrNull (64 bytes)

VM state:not at safepoint (normal execution)

VM Mutex/Monitor currently owned by a thread: None

Heap address: 0x00000000c1200000, size: 1006 MB, Compressed Oops mode: 32-bit
Narrow klass base: 0x0000000800000000, Narrow klass shift: 3
Compressed class space size: 1073741824 Address: 0x00000008011a0000

Heap:
 garbage-first heap   total 79872K, used 41424K [0x00000000c1200000, 0x0000000100000000)
  region size 1024K, 20 young (20480K), 2 survivors (2048K)
 Metaspace       used 48653K, capacity 49855K, committed 49996K, reserved 1091584K
  class space    used 6685K, capacity 7163K, committed 7244K, reserved 1048576K
Heap Regions: E=young(eden), S=young(survivor), O=old, HS=humongous(starts), HC=humongous(continues), CS=collection set, F=free, A=archive, TAMS=top-at-mark-start (previous, next)
|   0|0x00000000c1200000, 0x00000000c1300000, 0x00000000c1300000|100%|HS|  |TAMS 0x00000000c1300000, 0x00000000c1200000| Complete 
|   1|0x00000000c1300000, 0x00000000c1400000, 0x00000000c1400000|100%| O|  |TAMS 0x00000000c1400000, 0x00000000c1300000| Untracked 
|   2|0x00000000c1400000, 0x00000000c1500000, 0x00000000c1500000|100%| O|  |TAMS 0x00000000c1500000, 0x00000000c1400000| Untracked 
|   3|0x00000000c1500000, 0x00000000c1600000, 0x00000000c1600000|100%| O|  |TAMS 0x00000000c1600000, 0x00000000c1500000| Untracked 
|   4|0x00000000c1600000, 0x00000000c1700000, 0x00000000c1700000|100%| O|  |TAMS 0x00000000c1700000, 0x00000000c1600000| Untracked 
|   5|0x00000000c1700000, 0x00000000c1800000, 0x00000000c1800000|100%| O|  |TAMS 0x00000000c1800000, 0x00000000c1700000| Untracked 
|   6|0x00000000c1800000, 0x00000000c1900000, 0x00000000c1900000|100%| O|  |TAMS 0x00000000c1900000, 0x00000000c1800000| Untracked 
|   7|0x00000000c1900000, 0x00000000c1a00000, 0x00000000c1a00000|100%| O|  |TAMS 0x00000000c1a00000, 0x00000000c1900000| Untracked 
|   8|0x00000000c1a00000, 0x00000000c1a80e00, 0x00000000c1b00000| 50%| O|  |TAMS 0x00000000c1a80e00, 0x00000000c1a00000| Untracked 
|   9|0x00000000c1b00000, 0x00000000c1c00000, 0x00000000c1c00000|100%| O|  |TAMS 0x00000000c1c00000, 0x00000000c1b00000| Untracked 
|  10|0x00000000c1c00000, 0x00000000c1d00000, 0x00000000c1d00000|100%| O|  |TAMS 0x00000000c1d00000, 0x00000000c1c00000| Untracked 
|  11|0x00000000c1d00000, 0x00000000c1e00000, 0x00000000c1e00000|100%| O|  |TAMS 0x00000000c1e00000, 0x00000000c1d00000| Untracked 
|  12|0x00000000c1e00000, 0x00000000c1f00000, 0x00000000c1f00000|100%| O|  |TAMS 0x00000000c1f00000, 0x00000000c1e00000| Untracked 
|  13|0x00000000c1f00000, 0x00000000c2000000, 0x00000000c2000000|100%| O|  |TAMS 0x00000000c2000000, 0x00000000c1f00000| Untracked 
|  14|0x00000000c2000000, 0x00000000c2100000, 0x00000000c2100000|100%| O|  |TAMS 0x00000000c2100000, 0x00000000c2000000| Untracked 
|  15|0x00000000c2100000, 0x00000000c2200000, 0x00000000c2200000|100%| O|  |TAMS 0x00000000c214da00, 0x00000000c2100000| Untracked 
|  16|0x00000000c2200000, 0x00000000c2300000, 0x00000000c2300000|100%| O|  |TAMS 0x00000000c2200000, 0x00000000c2200000| Untracked 
|  17|0x00000000c2300000, 0x00000000c2400000, 0x00000000c2400000|100%| O|  |TAMS 0x00000000c2300000, 0x00000000c2300000| Untracked 
|  18|0x00000000c2400000, 0x00000000c2500000, 0x00000000c2500000|100%| O|  |TAMS 0x00000000c2400000, 0x00000000c2400000| Untracked 
|  19|0x00000000c2500000, 0x00000000c2600000, 0x00000000c2600000|100%| O|  |TAMS 0x00000000c2500000, 0x00000000c2500000| Untracked 
|  20|0x00000000c2600000, 0x00000000c2700000, 0x00000000c2700000|100%| O|  |TAMS 0x00000000c2600000, 0x00000000c2600000| Untracked 
|  21|0x00000000c2700000, 0x00000000c2800000, 0x00000000c2800000|100%| O|  |TAMS 0x00000000c2700000, 0x00000000c2700000| Untracked 
|  22|0x00000000c2800000, 0x00000000c284b200, 0x00000000c2900000| 29%| O|  |TAMS 0x00000000c2800000, 0x00000000c2800000| Untracked 
|  23|0x00000000c2900000, 0x00000000c2900000, 0x00000000c2a00000|  0%| F|  |TAMS 0x00000000c2900000, 0x00000000c2900000| Untracked 
|  24|0x00000000c2a00000, 0x00000000c2a00000, 0x00000000c2b00000|  0%| F|  |TAMS 0x00000000c2a00000, 0x00000000c2a00000| Untracked 
|  25|0x00000000c2b00000, 0x00000000c2b00000, 0x00000000c2c00000|  0%| F|  |TAMS 0x00000000c2b00000, 0x00000000c2b00000| Untracked 
|  26|0x00000000c2c00000, 0x00000000c2c00000, 0x00000000c2d00000|  0%| F|  |TAMS 0x00000000c2c00000, 0x00000000c2c00000| Untracked 
|  27|0x00000000c2d00000, 0x00000000c2d00000, 0x00000000c2e00000|  0%| F|  |TAMS 0x00000000c2d00000, 0x00000000c2d00000| Untracked 
|  28|0x00000000c2e00000, 0x00000000c2e00000, 0x00000000c2f00000|  0%| F|  |TAMS 0x00000000c2e00000, 0x00000000c2e00000| Untracked 
|  29|0x00000000c2f00000, 0x00000000c2f00000, 0x00000000c3000000|  0%| F|  |TAMS 0x00000000c2f00000, 0x00000000c2f00000| Untracked 
|  30|0x00000000c3000000, 0x00000000c3000000, 0x00000000c3100000|  0%| F|  |TAMS 0x00000000c3000000, 0x00000000c3000000| Untracked 
|  31|0x00000000c3100000, 0x00000000c3100000, 0x00000000c3200000|  0%| F|  |TAMS 0x00000000c3100000, 0x00000000c3100000| Untracked 
|  32|0x00000000c3200000, 0x00000000c3200000, 0x00000000c3300000|  0%| F|  |TAMS 0x00000000c3200000, 0x00000000c3200000| Untracked 
|  33|0x00000000c3300000, 0x00000000c3300000, 0x00000000c3400000|  0%| F|  |TAMS 0x00000000c3300000, 0x00000000c3300000| Untracked 
|  34|0x00000000c3400000, 0x00000000c3400000, 0x00000000c3500000|  0%| F|  |TAMS 0x00000000c3400000, 0x00000000c3400000| Untracked 
|  35|0x00000000c3500000, 0x00000000c3500000, 0x00000000c3600000|  0%| F|  |TAMS 0x00000000c3500000, 0x00000000c3500000| Untracked 
|  36|0x00000000c3600000, 0x00000000c3600000, 0x00000000c3700000|  0%| F|  |TAMS 0x00000000c3600000, 0x00000000c3600000| Untracked 
|  37|0x00000000c3700000, 0x00000000c37a8010, 0x00000000c3800000| 65%| S|CS|TAMS 0x00000000c3700000, 0x00000000c3700000| Complete 
|  38|0x00000000c3800000, 0x00000000c3900000, 0x00000000c3900000|100%| S|CS|TAMS 0x00000000c3800000, 0x00000000c3800000| Complete 
|  39|0x00000000c3900000, 0x00000000c3900000, 0x00000000c3a00000|  0%| F|  |TAMS 0x00000000c3900000, 0x00000000c3900000| Untracked 
|  40|0x00000000c3a00000, 0x00000000c3a00000, 0x00000000c3b00000|  0%| F|  |TAMS 0x00000000c3a00000, 0x00000000c3a00000| Untracked 
|  41|0x00000000c3b00000, 0x00000000c3b00000, 0x00000000c3c00000|  0%| F|  |TAMS 0x00000000c3b00000, 0x00000000c3b00000| Untracked 
|  42|0x00000000c3c00000, 0x00000000c3c00000, 0x00000000c3d00000|  0%| F|  |TAMS 0x00000000c3c00000, 0x00000000c3c00000| Untracked 
|  43|0x00000000c3d00000, 0x00000000c3d00000, 0x00000000c3e00000|  0%| F|  |TAMS 0x00000000c3d00000, 0x00000000c3d00000| Untracked 
|  44|0x00000000c3e00000, 0x00000000c3e00000, 0x00000000c3f00000|  0%| F|  |TAMS 0x00000000c3e00000, 0x00000000c3e00000| Untracked 
|  45|0x00000000c3f00000, 0x00000000c3f00000, 0x00000000c4000000|  0%| F|  |TAMS 0x00000000c3f00000, 0x00000000c3f00000| Untracked 
|  46|0x00000000c4000000, 0x00000000c4000000, 0x00000000c4100000|  0%| F|  |TAMS 0x00000000c4000000, 0x00000000c4000000| Untracked 
|  47|0x00000000c4100000, 0x00000000c4100000, 0x00000000c4200000|  0%| F|  |TAMS 0x00000000c4100000, 0x00000000c4100000| Untracked 
|  48|0x00000000c4200000, 0x00000000c4200000, 0x00000000c4300000|  0%| F|  |TAMS 0x00000000c4200000, 0x00000000c4200000| Untracked 
|  49|0x00000000c4300000, 0x00000000c4300000, 0x00000000c4400000|  0%| F|  |TAMS 0x00000000c4300000, 0x00000000c4300000| Untracked 
|  50|0x00000000c4400000, 0x00000000c4400000, 0x00000000c4500000|  0%| F|  |TAMS 0x00000000c4400000, 0x00000000c4400000| Untracked 
|  51|0x00000000c4500000, 0x00000000c4500000, 0x00000000c4600000|  0%| F|  |TAMS 0x00000000c4500000, 0x00000000c4500000| Untracked 
|  52|0x00000000c4600000, 0x00000000c4600000, 0x00000000c4700000|  0%| F|  |TAMS 0x00000000c4600000, 0x00000000c4600000| Untracked 
|  53|0x00000000c4700000, 0x00000000c4700000, 0x00000000c4800000|  0%| F|  |TAMS 0x00000000c4700000, 0x00000000c4700000| Untracked 
|  54|0x00000000c4800000, 0x00000000c4800000, 0x00000000c4900000|  0%| F|  |TAMS 0x00000000c4800000, 0x00000000c4800000| Untracked 
|  55|0x00000000c4900000, 0x00000000c4900000, 0x00000000c4a00000|  0%| F|  |TAMS 0x00000000c4900000, 0x00000000c4900000| Untracked 
|  56|0x00000000c4a00000, 0x00000000c4a00000, 0x00000000c4b00000|  0%| F|  |TAMS 0x00000000c4a00000, 0x00000000c4a00000| Untracked 
|  57|0x00000000c4b00000, 0x00000000c4b00000, 0x00000000c4c00000|  0%| F|  |TAMS 0x00000000c4b00000, 0x00000000c4b00000| Untracked 
|  58|0x00000000c4c00000, 0x00000000c4c00000, 0x00000000c4d00000|  0%| F|  |TAMS 0x00000000c4c00000, 0x00000000c4c00000| Untracked 
|  59|0x00000000c4d00000, 0x00000000c4d00000, 0x00000000c4e00000|  0%| F|  |TAMS 0x00000000c4d00000, 0x00000000c4d00000| Untracked 
|  60|0x00000000c4e00000, 0x00000000c4f00000, 0x00000000c4f00000|100%| E|  |TAMS 0x00000000c4e00000, 0x00000000c4e00000| Complete 
|  61|0x00000000c4f00000, 0x00000000c5000000, 0x00000000c5000000|100%| E|CS|TAMS 0x00000000c4f00000, 0x00000000c4f00000| Complete 
|  62|0x00000000c5000000, 0x00000000c5100000, 0x00000000c5100000|100%| E|CS|TAMS 0x00000000c5000000, 0x00000000c5000000| Complete 
|  63|0x00000000c5100000, 0x00000000c5200000, 0x00000000c5200000|100%| E|CS|TAMS 0x00000000c5100000, 0x00000000c5100000| Complete 
|  64|0x00000000c5200000, 0x00000000c5300000, 0x00000000c5300000|100%| E|CS|TAMS 0x00000000c5200000, 0x00000000c5200000| Complete 
|  65|0x00000000c5300000, 0x00000000c5400000, 0x00000000c5400000|100%| E|CS|TAMS 0x00000000c5300000, 0x00000000c5300000| Complete 
|  66|0x00000000c5400000, 0x00000000c5500000, 0x00000000c5500000|100%| E|CS|TAMS 0x00000000c5400000, 0x00000000c5400000| Complete 
|  67|0x00000000c5500000, 0x00000000c5600000, 0x00000000c5600000|100%| E|CS|TAMS 0x00000000c5500000, 0x00000000c5500000| Complete 
|  68|0x00000000c5600000, 0x00000000c5700000, 0x00000000c5700000|100%| E|CS|TAMS 0x00000000c5600000, 0x00000000c5600000| Complete 
|  69|0x00000000c5700000, 0x00000000c5800000, 0x00000000c5800000|100%| E|CS|TAMS 0x00000000c5700000, 0x00000000c5700000| Complete 
|  70|0x00000000c5800000, 0x00000000c5900000, 0x00000000c5900000|100%| E|CS|TAMS 0x00000000c5800000, 0x00000000c5800000| Complete 
|  71|0x00000000c5900000, 0x00000000c5a00000, 0x00000000c5a00000|100%| E|CS|TAMS 0x00000000c5900000, 0x00000000c5900000| Complete 
|  72|0x00000000c5a00000, 0x00000000c5b00000, 0x00000000c5b00000|100%| E|CS|TAMS 0x00000000c5a00000, 0x00000000c5a00000| Complete 
|  73|0x00000000c5b00000, 0x00000000c5c00000, 0x00000000c5c00000|100%| E|CS|TAMS 0x00000000c5b00000, 0x00000000c5b00000| Complete 
|  74|0x00000000c5c00000, 0x00000000c5d00000, 0x00000000c5d00000|100%| E|CS|TAMS 0x00000000c5c00000, 0x00000000c5c00000| Complete 
|  75|0x00000000c5d00000, 0x00000000c5e00000, 0x00000000c5e00000|100%| E|CS|TAMS 0x00000000c5d00000, 0x00000000c5d00000| Complete 
|  76|0x00000000c5e00000, 0x00000000c5f00000, 0x00000000c5f00000|100%| E|CS|TAMS 0x00000000c5e00000, 0x00000000c5e00000| Complete 
|  77|0x00000000c5f00000, 0x00000000c6000000, 0x00000000c6000000|100%| E|CS|TAMS 0x00000000c5f00000, 0x00000000c5f00000| Complete 

Card table byte_map: [0x000000001a1c0000,0x000000001a3c0000] _byte_map_base: 0x0000000019bb7000

Marking Bits (Prev, Next): (CMBitMap*) 0x00000000004f5c08, (CMBitMap*) 0x00000000004f5c48
 Prev Bits: [0x000000001a5c0000, 0x000000001b578000)
 Next Bits: [0x000000001b580000, 0x000000001c538000)

Polling page: 0x0000000000130000

Metaspace:

Usage:
  Non-class:     41.69 MB capacity,    40.99 MB ( 98%) used,   564.31 KB (  1%) free+waste,   150.13 KB ( <1%) overhead. 
      Class:      7.03 MB capacity,     6.53 MB ( 93%) used,   434.21 KB (  6%) free+waste,    72.38 KB (  1%) overhead. 
       Both:     48.72 MB capacity,    47.53 MB ( 98%) used,   998.52 KB (  2%) free+waste,   222.50 KB ( <1%) overhead. 

Virtual space:
  Non-class space:       42.00 MB reserved,      41.75 MB (>99%) committed 
      Class space:        1.00 GB reserved,       7.07 MB ( <1%) committed 
             Both:        1.04 GB reserved,      48.82 MB (  5%) committed 

Chunk freelists:
   Non-Class:  7.50 KB
       Class:  640 bytes
        Both:  8.13 KB

CodeHeap 'non-profiled nmethods': size=120064Kb used=1861Kb max_used=1861Kb free=118202Kb
 bounds [0x0000000012460000, 0x00000000126d0000, 0x00000000199a0000]
CodeHeap 'profiled nmethods': size=120000Kb used=9719Kb max_used=9719Kb free=110280Kb
 bounds [0x000000000af30000, 0x000000000b8c0000, 0x0000000012460000]
CodeHeap 'non-nmethods': size=5696Kb used=1237Kb max_used=1244Kb free=4458Kb
 bounds [0x000000000a9a0000, 0x000000000ac10000, 0x000000000af30000]
 total_blobs=6061 nmethods=4260 adapters=509
 compilation: enabled
              stopped_count=0, restarted_count=0
 full_count=0

Compilation events (10 events):
Event: 13.222 Thread 0x000000001fb7b800 4629       1       net.bytebuddy.description.type.TypeDescription$Generic$OfNonGenericType$ForErasure::asErasure (5 bytes)
Event: 13.222 Thread 0x000000001fb7b800 nmethod 4629 0x0000000012630510 code [0x00000000126306c0, 0x00000000126307f8]
Event: 13.222 Thread 0x000000001fb7b800 4630       1       net.bytebuddy.implementation.bytecode.member.MethodVariableAccess$OffsetLoading::isValid (2 bytes)
Event: 13.222 Thread 0x000000001fb7b800 nmethod 4630 0x0000000012630890 code [0x0000000012630a40, 0x0000000012630b78]
Event: 13.222 Thread 0x000000001fb7b800 4634       1       net.bytebuddy.description.method.ParameterDescription$Token::getType (5 bytes)
Event: 13.222 Thread 0x000000001fb7b800 nmethod 4634 0x0000000012630c10 code [0x0000000012630dc0, 0x0000000012630ef8]
Event: 13.222 Thread 0x000000001fb7b800 4635       1       net.bytebuddy.description.method.ParameterDescription$Latent::getDeclaringMethod (5 bytes)
Event: 13.222 Thread 0x000000001fb7b800 nmethod 4635 0x0000000012630f90 code [0x0000000012631140, 0x0000000012631278]
Event: 13.222 Thread 0x000000001fb7b800 4631       1       net.bytebuddy.description.type.TypeDescription$AbstractBase$OfSimpleType::isPrimitive (2 bytes)
Event: 13.222 Thread 0x000000001fb7b800 nmethod 4631 0x0000000012631310 code [0x00000000126314c0, 0x00000000126315f8]

GC Heap History (10 events):
Event: 10.006 GC heap before
{Heap before GC invocations=12 (full 0):
 garbage-first heap   total 66560K, used 50327K [0x00000000c1200000, 0x0000000100000000)
  region size 1024K, 37 young (37888K), 4 survivors (4096K)
 Metaspace       used 31219K, capacity 32344K, committed 32512K, reserved 1077248K
  class space    used 4132K, capacity 4555K, committed 4608K, reserved 1048576K
}
Event: 10.023 GC heap after
{Heap after GC invocations=13 (full 0):
 garbage-first heap   total 66560K, used 18229K [0x00000000c1200000, 0x0000000100000000)
  region size 1024K, 3 young (3072K), 3 survivors (3072K)
 Metaspace       used 31219K, capacity 32344K, committed 32512K, reserved 1077248K
  class space    used 4132K, capacity 4555K, committed 4608K, reserved 1048576K
}
Event: 10.709 GC heap before
{Heap before GC invocations=13 (full 0):
 garbage-first heap   total 66560K, used 46901K [0x00000000c1200000, 0x0000000100000000)
  region size 1024K, 32 young (32768K), 3 survivors (3072K)
 Metaspace       used 34637K, capacity 35770K, committed 35840K, reserved 1081344K
  class space    used 4493K, capacity 4929K, committed 4992K, reserved 1048576K
}
Event: 10.720 GC heap after
{Heap after GC invocations=14 (full 0):
 garbage-first heap   total 66560K, used 19915K [0x00000000c1200000, 0x0000000100000000)
  region size 1024K, 4 young (4096K), 4 survivors (4096K)
 Metaspace       used 34637K, capacity 35770K, committed 35840K, reserved 1081344K
  class space    used 4493K, capacity 4929K, committed 4992K, reserved 1048576K
}
Event: 11.374 GC heap before
{Heap before GC invocations=15 (full 0):
 garbage-first heap   total 66560K, used 50635K [0x00000000c1200000, 0x0000000100000000)
  region size 1024K, 34 young (34816K), 4 survivors (4096K)
 Metaspace       used 38318K, capacity 39528K, committed 39628K, reserved 1083392K
  class space    used 5047K, capacity 5519K, committed 5580K, reserved 1048576K
}
Event: 11.385 GC heap after
{Heap after GC invocations=16 (full 0):
 garbage-first heap   total 79872K, used 22066K [0x00000000c1200000, 0x0000000100000000)
  region size 1024K, 4 young (4096K), 4 survivors (4096K)
 Metaspace       used 38318K, capacity 39528K, committed 39628K, reserved 1083392K
  class space    used 5047K, capacity 5519K, committed 5580K, reserved 1048576K
}
Event: 12.352 GC heap before
{Heap before GC invocations=16 (full 0):
 garbage-first heap   total 79872K, used 57906K [0x00000000c1200000, 0x0000000100000000)
  region size 1024K, 39 young (39936K), 4 survivors (4096K)
 Metaspace       used 42610K, capacity 43770K, committed 43852K, reserved 1087488K
  class space    used 5762K, capacity 6208K, committed 6220K, reserved 1048576K
}
Event: 12.361 GC heap after
{Heap after GC invocations=17 (full 0):
 garbage-first heap   total 79872K, used 23544K [0x00000000c1200000, 0x0000000100000000)
  region size 1024K, 4 young (4096K), 4 survivors (4096K)
 Metaspace       used 42610K, capacity 43770K, committed 43852K, reserved 1087488K
  class space    used 5762K, capacity 6208K, committed 6220K, reserved 1048576K
}
Event: 12.977 GC heap before
{Heap before GC invocations=17 (full 0):
 garbage-first heap   total 79872K, used 59384K [0x00000000c1200000, 0x0000000100000000)
  region size 1024K, 39 young (39936K), 4 survivors (4096K)
 Metaspace       used 46707K, capacity 47954K, committed 48204K, reserved 1091584K
  class space    used 6388K, capacity 6897K, committed 6988K, reserved 1048576K
}
Event: 12.990 GC heap after
{Heap after GC invocations=18 (full 0):
 garbage-first heap   total 79872K, used 24016K [0x00000000c1200000, 0x0000000100000000)
  region size 1024K, 2 young (2048K), 2 survivors (2048K)
 Metaspace       used 46707K, capacity 47954K, committed 48204K, reserved 1091584K
  class space    used 6388K, capacity 6897K, committed 6988K, reserved 1048576K
}

Deoptimization events (10 events):
Event: 10.506 Thread 0x00000000004ca000 Uncommon trap: reason=bimorphic_or_optimized_type_check action=maybe_recompile pc=0x0000000012589168 method=java.util.regex.Matcher.match(II)Z @ 121 c2
Event: 10.531 Thread 0x00000000004ca000 Uncommon trap: reason=bimorphic_or_optimized_type_check action=maybe_recompile pc=0x0000000012589168 method=java.util.regex.Matcher.match(II)Z @ 121 c2
Event: 10.532 Thread 0x00000000004ca000 Uncommon trap: reason=bimorphic_or_optimized_type_check action=maybe_recompile pc=0x0000000012589168 method=java.util.regex.Matcher.match(II)Z @ 121 c2
Event: 10.532 Thread 0x00000000004ca000 Uncommon trap: reason=bimorphic_or_optimized_type_check action=maybe_recompile pc=0x0000000012589168 method=java.util.regex.Matcher.match(II)Z @ 121 c2
Event: 11.569 Thread 0x00000000004ca000 Uncommon trap: reason=bimorphic_or_optimized_type_check action=maybe_recompile pc=0x00000000125ff788 method=java.lang.ClassLoader.loadClass(Ljava/lang/String;)Ljava/lang/Class; @ 3 c2
Event: 11.570 Thread 0x00000000004ca000 Uncommon trap: reason=bimorphic_or_optimized_type_check action=maybe_recompile pc=0x00000000125ff788 method=java.lang.ClassLoader.loadClass(Ljava/lang/String;)Ljava/lang/Class; @ 3 c2
Event: 11.802 Thread 0x00000000004ca000 Uncommon trap: reason=unstable_if action=reinterpret pc=0x00000000124c8624 method=java.lang.StringCoding.encodeUTF8(B[BZ)[B @ 2 c2
Event: 12.109 Thread 0x00000000004ca000 Uncommon trap: reason=bimorphic_or_optimized_type_check action=maybe_recompile pc=0x00000000125ff788 method=java.lang.ClassLoader.loadClass(Ljava/lang/String;)Ljava/lang/Class; @ 3 c2
Event: 12.341 Thread 0x00000000004ca000 Uncommon trap: reason=bimorphic_or_optimized_type_check action=maybe_recompile pc=0x00000000125ff788 method=java.lang.ClassLoader.loadClass(Ljava/lang/String;)Ljava/lang/Class; @ 3 c2
Event: 12.842 Thread 0x00000000004ca000 Uncommon trap: reason=predicate action=maybe_recompile pc=0x000000001262a894 method=java.util.AbstractCollection.toArray([Ljava/lang/Object;)[Ljava/lang/Object; @ 43 c2

Classes redefined (0 events):
No events

Internal exceptions (10 events):
Event: 10.958 Thread 0x00000000004ca000 Exception <a 'java/lang/ClassNotFoundException'{0x00000000c4bb14a8}: org/springframework/beans/factory/BeanFactoryAwareCustomizer> (0x00000000c4bb14a8) thrown at [t:/workspace/open/src/hotspot/share/classfile/systemDictionary.cpp, line 235]
Event: 10.959 Thread 0x00000000004ca000 Exception <a 'java/lang/ClassNotFoundException'{0x00000000c4bc7918}: org/springframework/beans/factory/AwareCustomizer> (0x00000000c4bc7918) thrown at [t:/workspace/open/src/hotspot/share/classfile/systemDictionary.cpp, line 235]
Event: 10.959 Thread 0x00000000004ca000 Exception <a 'java/lang/ClassNotFoundException'{0x00000000c4bdde50}: org/springframework/beans/factory/BeanNameAwareCustomizer> (0x00000000c4bdde50) thrown at [t:/workspace/open/src/hotspot/share/classfile/systemDictionary.cpp, line 235]
Event: 10.960 Thread 0x00000000004ca000 Exception <a 'java/lang/ClassNotFoundException'{0x00000000c4bf3f30}: org/springframework/beans/factory/AwareCustomizer> (0x00000000c4bf3f30) thrown at [t:/workspace/open/src/hotspot/share/classfile/systemDictionary.cpp, line 235]
Event: 10.961 Thread 0x00000000004ca000 Exception <a 'java/lang/ClassNotFoundException'{0x00000000c4a0b910}: org/springframework/beans/factory/InitializingBeanCustomizer> (0x00000000c4a0b910) thrown at [t:/workspace/open/src/hotspot/share/classfile/systemDictionary.cpp, line 235]
Event: 10.962 Thread 0x00000000004ca000 Exception <a 'java/lang/ClassNotFoundException'{0x00000000c4a22ed8}: org/springframework/beans/factory/DisposableBeanCustomizer> (0x00000000c4a22ed8) thrown at [t:/workspace/open/src/hotspot/share/classfile/systemDictionary.cpp, line 235]
Event: 10.963 Thread 0x00000000004ca000 Exception <a 'java/lang/ClassNotFoundException'{0x00000000c4a3b5f0}: org/springframework/orm/jpa/EntityManagerFactoryInfoCustomizer> (0x00000000c4a3b5f0) thrown at [t:/workspace/open/src/hotspot/share/classfile/systemDictionary.cpp, line 235]
Event: 10.965 Thread 0x00000000004ca000 Exception <a 'java/lang/ClassNotFoundException'{0x00000000c4a5ddc8}: org/springframework/dao/support/PersistenceExceptionTranslatorCustomizer> (0x00000000c4a5ddc8) thrown at [t:/workspace/open/src/hotspot/share/classfile/systemDictionary.cpp, line 235]
Event: 11.609 Thread 0x00000000004ca000 Exception <a 'java/lang/NoSuchMethodError'{0x00000000c557a108}: java.lang.invoke.DirectMethodHandle$Holder.invokeStaticInit(Ljava/lang/Object;IIII)Ljava/lang/Object;> (0x00000000c557a108) thrown at [t:/workspace/open/src/hotspot/share/interpreter/linkReso
Event: 11.827 Thread 0x00000000004ca000 Exception <a 'java/lang/NoSuchMethodError'{0x00000000c5455fa8}: java.lang.invoke.DirectMethodHandle$Holder.invokeStaticInit(Ljava/lang/Object;Ljava/lang/Object;IIII)Ljava/lang/Object;> (0x00000000c5455fa8) thrown at [t:/workspace/open/src/hotspot/share/in

Events (10 events):
Event: 13.249 loading class org/hibernate/HibernateError
Event: 13.249 loading class org/hibernate/HibernateError done
Event: 13.250 loading class org/hibernate/loader/plan/build/spi/ExpandingFetchSource
Event: 13.250 loading class org/hibernate/loader/plan/build/spi/ExpandingFetchSource done
Event: 13.250 loading class org/hibernate/loader/plan/spi/FetchSource
Event: 13.250 loading class org/hibernate/loader/plan/spi/FetchSource done
Event: 13.251 loading class org/hibernate/loader/plan/spi/CollectionReference
Event: 13.251 loading class org/hibernate/loader/plan/spi/CollectionReference done
Event: 13.252 loading class org/hibernate/loader/plan/build/spi/ExpandingQuerySpaces
Event: 13.252 loading class org/hibernate/loader/plan/build/spi/ExpandingQuerySpaces done


Dynamic libraries:
0x000000013f430000 - 0x000000013f43f000 	C:\Program Files\Java\jdk-12.0.1\bin\java.exe
0x00000000778c0000 - 0x0000000077a69000 	C:\Windows\SYSTEM32\ntdll.dll
0x00000000776a0000 - 0x00000000777bf000 	C:\Windows\system32\kernel32.dll
0x000007fefd8c0000 - 0x000007fefd92b000 	C:\Windows\system32\KERNELBASE.dll
0x000007feed7c0000 - 0x000007feed7d8000 	C:\Program Files\Java\jdk-12.0.1\bin\jli.dll
0x000007feff840000 - 0x000007feff91b000 	C:\Windows\system32\ADVAPI32.dll
0x000007feff680000 - 0x000007feff71f000 	C:\Windows\system32\msvcrt.dll
0x000007fefdbe0000 - 0x000007fefdbff000 	C:\Windows\SYSTEM32\sechost.dll
0x000007fefdc00000 - 0x000007fefdd2d000 	C:\Windows\system32\RPCRT4.dll
0x000007fefbed0000 - 0x000007fefc0c4000 	C:\Windows\WinSxS\amd64_microsoft.windows.common-controls_6595b64144ccf1df_6.0.7601.17514_none_fa396087175ac9ac\COMCTL32.dll
0x000007feff720000 - 0x000007feff787000 	C:\Windows\system32\GDI32.dll
0x00000000777c0000 - 0x00000000778ba000 	C:\Windows\system32\USER32.dll
0x000007feff550000 - 0x000007feff55e000 	C:\Windows\system32\LPK.dll
0x000007feffaa0000 - 0x000007feffb69000 	C:\Windows\system32\USP10.dll
0x000007feff4d0000 - 0x000007feff541000 	C:\Windows\system32\SHLWAPI.dll
0x000007fefc970000 - 0x000007fefc97c000 	C:\Windows\system32\VERSION.dll
0x000007fef4ac0000 - 0x000007fef4ad6000 	C:\Program Files\Java\jdk-12.0.1\bin\VCRUNTIME140.dll
0x000007fef9570000 - 0x000007fef9574000 	C:\Program Files\Java\jdk-12.0.1\bin\api-ms-win-crt-runtime-l1-1-0.dll
0x000007fed5ea0000 - 0x000007fed5f96000 	C:\Program Files\Java\jdk-12.0.1\bin\ucrtbase.DLL
0x000007fefab70000 - 0x000007fefab73000 	C:\Program Files\Java\jdk-12.0.1\bin\api-ms-win-core-localization-l1-2-0.dll
0x000007fef4a70000 - 0x000007fef4a73000 	C:\Program Files\Java\jdk-12.0.1\bin\api-ms-win-core-processthreads-l1-1-1.dll
0x000007fef4bd0000 - 0x000007fef4bd3000 	C:\Program Files\Java\jdk-12.0.1\bin\api-ms-win-core-file-l1-2-0.dll
0x000007fef4900000 - 0x000007fef4903000 	C:\Program Files\Java\jdk-12.0.1\bin\api-ms-win-core-timezone-l1-1-0.dll
0x000007fef4970000 - 0x000007fef4973000 	C:\Program Files\Java\jdk-12.0.1\bin\api-ms-win-core-file-l2-1-0.dll
0x000007fedf0c0000 - 0x000007fedf0c3000 	C:\Program Files\Java\jdk-12.0.1\bin\api-ms-win-core-synch-l1-2-0.dll
0x000007fef3580000 - 0x000007fef3584000 	C:\Program Files\Java\jdk-12.0.1\bin\api-ms-win-crt-string-l1-1-0.dll
0x000007fedf0a0000 - 0x000007fedf0a3000 	C:\Program Files\Java\jdk-12.0.1\bin\api-ms-win-crt-heap-l1-1-0.dll
0x000007fedf0b0000 - 0x000007fedf0b4000 	C:\Program Files\Java\jdk-12.0.1\bin\api-ms-win-crt-stdio-l1-1-0.dll
0x000007fedf040000 - 0x000007fedf044000 	C:\Program Files\Java\jdk-12.0.1\bin\api-ms-win-crt-convert-l1-1-0.dll
0x000007fedf050000 - 0x000007fedf053000 	C:\Program Files\Java\jdk-12.0.1\bin\api-ms-win-crt-environment-l1-1-0.dll
0x000007fedf020000 - 0x000007fedf023000 	C:\Program Files\Java\jdk-12.0.1\bin\api-ms-win-crt-filesystem-l1-1-0.dll
0x000007fedf030000 - 0x000007fedf035000 	C:\Program Files\Java\jdk-12.0.1\bin\api-ms-win-crt-math-l1-1-0.dll
0x000007fedefc0000 - 0x000007fedefc3000 	C:\Program Files\Java\jdk-12.0.1\bin\api-ms-win-crt-locale-l1-1-0.dll
0x000007feffb70000 - 0x000007feffb9e000 	C:\Windows\system32\IMM32.DLL
0x000007fefe240000 - 0x000007fefe349000 	C:\Windows\system32\MSCTF.dll
0x000007fed5ff0000 - 0x000007fed609a000 	C:\Program Files\Java\jdk-12.0.1\bin\msvcp140.dll
0x000007fedefd0000 - 0x000007fedefd5000 	C:\Program Files\Java\jdk-12.0.1\bin\api-ms-win-crt-multibyte-l1-1-0.dll
0x000007fedefa0000 - 0x000007fedefa3000 	C:\Program Files\Java\jdk-12.0.1\bin\api-ms-win-crt-time-l1-1-0.dll
0x000007fedefb0000 - 0x000007fedefb3000 	C:\Program Files\Java\jdk-12.0.1\bin\api-ms-win-crt-utility-l1-1-0.dll
0x000007fed0d00000 - 0x000007fed1874000 	C:\Program Files\Java\jdk-12.0.1\bin\server\jvm.dll
0x000007fef6890000 - 0x000007fef6899000 	C:\Windows\system32\WSOCK32.dll
0x000007feff7f0000 - 0x000007feff83d000 	C:\Windows\system32\WS2_32.dll
0x000007feffba0000 - 0x000007feffba8000 	C:\Windows\system32\NSI.dll
0x000007fefb4c0000 - 0x000007fefb4fb000 	C:\Windows\system32\WINMM.dll
0x0000000077a80000 - 0x0000000077a87000 	C:\Windows\system32\PSAPI.DLL
0x000007fedeb90000 - 0x000007fedeba1000 	C:\Program Files\Java\jdk-12.0.1\bin\verify.dll
0x000007fef6660000 - 0x000007fef6785000 	C:\Windows\system32\DBGHELP.DLL
0x000007feded20000 - 0x000007feded46000 	C:\Program Files\Java\jdk-12.0.1\bin\java.dll
0x000007feda5d0000 - 0x000007feda5de000 	C:\Program Files\Java\jdk-12.0.1\bin\instrument.dll
0x000007fede1d0000 - 0x000007fede1e7000 	C:\Program Files\Java\jdk-12.0.1\bin\zip.dll
0x000007fede1c0000 - 0x000007fede1ca000 	C:\Program Files\Java\jdk-12.0.1\bin\jimage.dll
0x000007fefe530000 - 0x000007feff2b8000 	C:\Windows\system32\SHELL32.dll
0x000007feff2c0000 - 0x000007feff4c3000 	C:\Windows\system32\ole32.dll
0x000007fefd810000 - 0x000007fefd81f000 	C:\Windows\system32\profapi.dll
0x000007fedaa60000 - 0x000007fedaa79000 	C:\Program Files\Java\jdk-12.0.1\bin\net.dll
0x000007fef7d30000 - 0x000007fef7da1000 	C:\Windows\system32\WINHTTP.dll
0x000007fef7cc0000 - 0x000007fef7d24000 	C:\Windows\system32\webio.dll
0x000007feff920000 - 0x000007feffa98000 	C:\Windows\system32\urlmon.dll
0x000007fefde10000 - 0x000007fefdf3a000 	C:\Windows\system32\WININET.dll
0x000007fefdf40000 - 0x000007fefe199000 	C:\Windows\system32\iertutil.dll
0x000007fefdd30000 - 0x000007fefde07000 	C:\Windows\system32\OLEAUT32.dll
0x000007fefd9d0000 - 0x000007fefdb37000 	C:\Windows\system32\CRYPT32.dll
0x000007fefd8b0000 - 0x000007fefd8bf000 	C:\Windows\system32\MSASN1.dll
0x000007fefd080000 - 0x000007fefd0d5000 	C:\Windows\system32\mswsock.dll
0x000007fefd070000 - 0x000007fefd077000 	C:\Windows\System32\wship6.dll
0x000007fede1a0000 - 0x000007fede1b3000 	C:\Program Files\Java\jdk-12.0.1\bin\nio.dll
0x000007feda460000 - 0x000007feda47a000 	C:\Program Files\JetBrains\IntelliJ IDEA 2019.1.3\bin\breakgen64.dll
0x000007feda450000 - 0x000007feda459000 	C:\Program Files\Java\jdk-12.0.1\bin\management.dll
0x000007feda440000 - 0x000007feda44c000 	C:\Program Files\Java\jdk-12.0.1\bin\management_ext.dll
0x000007fefc530000 - 0x000007fefc545000 	C:\Windows\system32\NLAapi.dll
0x000007fef7db0000 - 0x000007fef7dc5000 	C:\Windows\system32\napinsp.dll
0x000007fef7ca0000 - 0x000007fef7cb9000 	C:\Windows\system32\pnrpnsp.dll
0x000007fefcf00000 - 0x000007fefcf5b000 	C:\Windows\system32\DNSAPI.dll
0x000007fef7c90000 - 0x000007fef7c9b000 	C:\Windows\System32\winrnr.dll
0x000007fef7c80000 - 0x000007fef7c90000 	C:\Windows\system32\wshbth.dll
0x000007fefca40000 - 0x000007fefca47000 	C:\Windows\System32\wshtcpip.dll
0x000007fefbde0000 - 0x000007fefbe07000 	C:\Windows\system32\IPHLPAPI.DLL
0x000007fefbdd0000 - 0x000007fefbddb000 	C:\Windows\system32\WINNSI.DLL
0x000007fef7bd0000 - 0x000007fef7bd8000 	C:\Windows\system32\rasadhlp.dll
0x000007fefb920000 - 0x000007fefb973000 	C:\Windows\System32\fwpuclnt.dll
0x000007fefd0e0000 - 0x000007fefd0f7000 	C:\Windows\system32\CRYPTSP.dll
0x000007fefcde0000 - 0x000007fefce27000 	C:\Windows\system32\rsaenh.dll
0x000007fefcb60000 - 0x000007fefcb7e000 	C:\Windows\system32\USERENV.dll
0x000007fefd740000 - 0x000007fefd74f000 	C:\Windows\system32\CRYPTBASE.dll
0x000007fefb520000 - 0x000007fefb538000 	C:\Windows\system32\dhcpcsvc.DLL
0x000007fefb500000 - 0x000007fefb511000 	C:\Windows\system32\dhcpcsvc6.DLL

dbghelp: loaded successfully - version: 4.0.5 - missing functions: none
symbol engine: initialized successfully - sym options: 0x614 - pdb path: .;C:\Program Files\Java\jdk-12.0.1\bin;C:\Windows\SYSTEM32;C:\Windows\WinSxS\amd64_microsoft.windows.common-controls_6595b64144ccf1df_6.0.7601.17514_none_fa396087175ac9ac;C:\Program Files\Java\jdk-12.0.1\bin\server;C:\Program Files\JetBrains\IntelliJ IDEA 2019.1.3\bin

VM Arguments:
jvm_args: -ea -Didea.test.cyclic.buffer.size=1048576 -javaagent:C:\Program Files\JetBrains\IntelliJ IDEA 2019.1.3\lib\idea_rt.jar=5016:C:\Program Files\JetBrains\IntelliJ IDEA 2019.1.3\bin -Dfile.encoding=UTF-8 
java_command: com.intellij.rt.execution.junit.JUnitStarter -ideVersion5 -junit5 @w@C:\Users\SUNGBUM\AppData\Local\Temp\idea_working_dirs_junit.tmp @C:\Users\SUNGBUM\AppData\Local\Temp\idea_junit.tmp -socket5015
java_class_path (initial): C:\Program Files\JetBrains\IntelliJ IDEA 2019.1.3\lib\idea_rt.jar;C:\Program Files\JetBrains\IntelliJ IDEA 2019.1.3\plugins\junit\lib\junit-rt.jar;C:\Program Files\JetBrains\IntelliJ IDEA 2019.1.3\plugins\junit\lib\junit5-rt.jar;C:\Users\SUNGBUM\.m2\repository\org\junit\platform\junit-platform-launcher\1.3.2\junit-platform-launcher-1.3.2.jar;C:\Users\SUNGBUM\.m2\repository\org\apiguardian\apiguardian-api\1.0.0\apiguardian-api-1.0.0.jar;C:\Users\SUNGBUM\.m2\repository\org\junit\platform\junit-platform-engine\1.3.2\junit-platform-engine-1.3.2.jar;C:\Users\SUNGBUM\.m2\repository\org\junit\platform\junit-platform-commons\1.3.2\junit-platform-commons-1.3.2.jar;C:\Users\SUNGBUM\.m2\repository\org\opentest4j\opentest4j\1.1.1\opentest4j-1.1.1.jar;C:\Users\SUNGBUM\.m2\repository\org\junit\jupiter\junit-jupiter-engine\5.3.2\junit-jupiter-engine-5.3.2.jar;C:\Users\SUNGBUM\.m2\repository\org\junit\jupiter\junit-jupiter-api\5.3.2\junit-jupiter-api-5.3.2.jar;C:\Users\SUNGBUM\Desktop\GIT\Woowahantechcourse\level-2\jwp-blog\out\test\classes;C:\Users\SUNGBUM\Desktop\GIT\Woowahantechcourse\level-2\jwp-blog\out\test\resources;C:\Users\SUNGBUM\Desktop\GIT\Woowahantechcourse\level-2\jwp-blog\out\production\classes;C:\Users\SUNGBUM\Desktop\GIT\Woowahantechcourse\level-2\jwp-blog\out\production\resources;C:\Users\SUNGBUM\.gradle\caches\modules-2\files-2.1\org.springframework.boot\spring-boot-starter-web\2.1.6.RELEASE\8d232c9366b4ef3f5a919e48efb2228528391914\spring-boot-starter-web-2.1.6.RELEASE.jar;C:\Users\SUNGBUM\.gradle\caches\modules-2\files-2.1\org.springframework.boot\spring-boot-starter-thymeleaf\2.1.6.RELEASE\9d007e15b0f6c48005d1808d1c1b7f38e952ba79\spring-boot-starter-thymeleaf-2.1.6.RELEASE.jar;C:\Users\SUNGBUM\.gradle\caches\modules-2\files-2.1\org.springframework.boot\spring-boot-starter-data-jpa\2.1.6.RELEASE\3d2ff857d0cece1fea905e89371b802c5f5b0041\spring-boot-starter-data-jpa-2.1.6.RELEASE.jar;C:\Users\SUNGBUM\.gradle\caches\modules-2\files-2.1\
Launcher Type: SUN_STANDARD

[Global flags]
     intx CICompilerCount                          = 3                                         {product} {ergonomic}
     uint ConcGCThreads                            = 1                                         {product} {ergonomic}
     uint G1ConcRefinementThreads                  = 4                                         {product} {ergonomic}
   size_t G1HeapRegionSize                         = 1048576                                   {product} {ergonomic}
    uintx GCDrainStackTargetSize                   = 64                                        {product} {ergonomic}
   size_t InitialHeapSize                          = 67108864                                  {product} {ergonomic}
   size_t MarkStackSize                            = 4194304                                   {product} {ergonomic}
   size_t MaxHeapSize                              = 1054867456                                {product} {ergonomic}
   size_t MaxNewSize                               = 632291328                                 {product} {ergonomic}
   size_t MinHeapDeltaBytes                        = 1048576                                   {product} {ergonomic}
    uintx NonNMethodCodeHeapSize                   = 5830732                                {pd product} {ergonomic}
    uintx NonProfiledCodeHeapSize                  = 122913754                              {pd product} {ergonomic}
    uintx ProfiledCodeHeapSize                     = 122913754                              {pd product} {ergonomic}
    uintx ReservedCodeCacheSize                    = 251658240                              {pd product} {ergonomic}
     bool SegmentedCodeCache                       = true                                      {product} {ergonomic}
     bool UseCompressedClassPointers               = true                                 {lp64_product} {ergonomic}
     bool UseCompressedOops                        = true                                 {lp64_product} {ergonomic}
     bool UseG1GC                                  = true                                      {product} {ergonomic}
     bool UseLargePagesIndividualAllocation        = false                                  {pd product} {ergonomic}

Logging:
Log output configuration:
 #0: stdout all=warning uptime,level,tags
 #1: stderr all=off uptime,level,tags

Environment Variables:
JAVA_HOME=C:\Program Files\Java\jdk-12.0.1
PATH=C:\Program Files (x86)\Intel\iCLS Client\;C:\Program Files\Intel\iCLS Client\;C:\Windows\system32;C:\Windows;C:\Windows\System32\Wbem;C:\Windows\System32\WindowsPowerShell\v1.0\;C:\Program Files\Intel\Intel(R) Management Engine Components\DAL;C:\Program Files (x86)\Intel\Intel(R) Management Engine Components\DAL;C:\Program Files\Intel\Intel(R) Management Engine Components\IPT;C:\Program Files (x86)\Intel\Intel(R) Management Engine Components\IPT;C:\Program Files\Intel\WiFi\bin\;C:\Program Files\Common Files\Intel\WirelessCommon\;C:\Program Files\Git\cmd;C:\Windows\system32\config\systemprofile\.dnx\bin;C:\Program Files\Microsoft DNX\Dnvm\;C:\Program Files\Microsoft SQL Server\130\Tools\Binn\;C:\Program Files (x86)\Windows Kits\8.1\Windows Performance Toolkit\;C:\Program Files\MySQL\MySQL Shell 8.0\bin\
USERNAME=SUNGBUM
OS=Windows_NT
PROCESSOR_IDENTIFIER=Intel64 Family 6 Model 61 Stepping 4, GenuineIntel



---------------  S Y S T E M  ---------------

OS: Windows 7 , 64 bit Build 7601 (6.1.7601.18015)

CPU:total 4 (initial active 4) (2 cores per cpu, 2 threads per core) family 6 model 61 stepping 4, cmov, cx8, fxsr, mmx, sse, sse2, sse3, ssse3, sse4.1, sse4.2, popcnt, avx, avx2, aes, clmul, erms, 3dnowpref, lzcnt, ht, tsc, tscinvbit, bmi1, bmi2, adx, fma

Memory: 4k page, system-wide physical 4017M (191M free)
TotalPageFile size 10692M (AvailPageFile size 2173M)
current process WorkingSet (physical memory assigned to process): 229M, peak: 229M
current process commit charge ("private bytes"): 260M, peak: 260M

vm_info: Java HotSpot(TM) 64-Bit Server VM (12.0.1+12) for windows-amd64 JRE (12.0.1+12), built on Apr  2 2019 14:02:19 by "mach5one" with MS VC++ 15.5 (VS2017)

END.
