#
# A fatal error has been detected by the Java Runtime Environment:
#
#  EXCEPTION_ACCESS_VIOLATION (0xc0000005) at pc=0x000007fed7f4e300, pid=8156, tid=5456
#
# JRE version: Java(TM) SE Runtime Environment (12.0.1+12) (build 12.0.1+12)
# Java VM: Java HotSpot(TM) 64-Bit Server VM (12.0.1+12, mixed mode, sharing, tiered, compressed oops, g1 gc, windows-amd64)
# Problematic frame:
# V  [jvm.dll+0x37e300]
#
# No core dump will be written. Minidumps are not enabled by default on client versions of Windows
#
# If you would like to submit a bug report, please visit:
#   http://bugreport.java.com/bugreport/crash.jsp
#

---------------  S U M M A R Y ------------

Command Line: -ea -Didea.test.cyclic.buffer.size=1048576 -javaagent:C:\Program Files\JetBrains\IntelliJ IDEA 2019.1.3\lib\idea_rt.jar=5916:C:\Program Files\JetBrains\IntelliJ IDEA 2019.1.3\bin -Dfile.encoding=UTF-8 com.intellij.rt.execution.junit.JUnitStarter -ideVersion5 -junit5 techcourse.myblog.web.ArticleControllerTests,게시글삭제

Host: Intel(R) Core(TM) i3-5010U CPU @ 2.10GHz, 4 cores, 3G,  Windows 7 , 64 bit Build 7601 (6.1.7601.18015)
Time: Tue Jul 23 16:54:16 2019 ´eCN¹I±¹ C￥AØ½A elapsed time: 25 seconds (0d 0h 0m 25s)

---------------  T H R E A D  ---------------

Current thread (0x000000001ee3d800):  JavaThread "C2 CompilerThread0" daemon [_thread_in_native, id=5456, stack(0x0000000020380000,0x0000000020480000)]


Current CompileTask:
C2:  25362 5067   !   4       org.springframework.core.annotation.AnnotatedElementUtils::searchWithFindSemantics (774 bytes)

Stack: [0x0000000020380000,0x0000000020480000],  sp=0x000000002047b568,  free space=1005k
Native frames: (J=compiled Java code, j=interpreted, Vv=VM code, C=native code)
V  [jvm.dll+0x37e300]
V  [jvm.dll+0x1f781f]
V  [jvm.dll+0x1f5c38]
V  [jvm.dll+0x1f51c7]
V  [jvm.dll+0x1f5236]
V  [jvm.dll+0x1aee79]
V  [jvm.dll+0x21c142]
V  [jvm.dll+0x21b20a]
V  [jvm.dll+0x199890]
V  [jvm.dll+0x22a534]
V  [jvm.dll+0x228b88]
V  [jvm.dll+0x74f660]
V  [jvm.dll+0x748648]
V  [jvm.dll+0x638566]
C  [ucrtbase.DLL+0x1d885]
C  [kernel32.dll+0x1652d]
C  [ntdll.dll+0x2c541]


siginfo: EXCEPTION_ACCESS_VIOLATION (0xc0000005), reading address 0x0000000000001667


Register to memory mapping:

RIP=0x000007fed7f4e300 jvm.dll
RAX=0x0 is NULL
RBX=0x0000000026d0b5d0 points into unknown readable memory: 12 00 00 00 00 00 00 00
RCX=0x000000002047b600 is pointing into the stack for thread: 0x000000001ee3d800
RDX=0x0000000080000000 is an unknown value
RSP=0x000000002047b568 is pointing into the stack for thread: 0x000000001ee3d800
RBP=0x000000000000161f is an unknown value
RSI=0x000000002047b9d0 is pointing into the stack for thread: 0x000000001ee3d800
RDI=0x000000000010b580 is an unknown value
R8 =0x0000000080000000 is an unknown value
R9 =0x0000000028160500 points into unknown readable memory: 00 00 00 80 57 00 00 00
R10=0x000007fed7bd0000 jvm.dll
R11=0x0000000026d9ac30 points into unknown readable memory: 22 00 00 00 00 00 00 00
R12=0x000000002758d3b0 points into unknown readable memory: a2 bd 7f bd 47 5d 78 40
R13=0x000007fed86646f0 jvm.dll
R14=0x000000000000001f is an unknown value
R15=0x000007fed7bd0000 jvm.dll


Registers:
RAX=0x0000000000000000, RBX=0x0000000026d0b5d0, RCX=0x000000002047b600, RDX=0x0000000080000000
RSP=0x000000002047b568, RBP=0x000000000000161f, RSI=0x000000002047b9d0, RDI=0x000000000010b580
R8 =0x0000000080000000, R9 =0x0000000028160500, R10=0x000007fed7bd0000, R11=0x0000000026d9ac30
R12=0x000000002758d3b0, R13=0x000007fed86646f0, R14=0x000000000000001f, R15=0x000007fed7bd0000
RIP=0x000007fed7f4e300, EFLAGS=0x0000000000010246

Top of Stack: (sp=0x000000002047b568)
0x000000002047b568:   000007fed7dc781f 0000000026d02430
0x000000002047b578:   000000000000161f 000000002047b9d0
0x000000002047b588:   0000000000000000 00002bea00000000
0x000000002047b598:   000007fe00000008 0000000026108040
0x000000002047b5a8:   000000000000002c 00000000282be220
0x000000002047b5b8:   000000000000002c 0000000026cdd3b0
0x000000002047b5c8:   0000292c00000000 00002bea00000008
0x000000002047b5d8:   00000000244d11c0 000000000000002c
0x000000002047b5e8:   000000002820c260 000000000000002c
0x000000002047b5f8:   0000000026d9ac30 00001ac100000000
0x000000002047b608:   0000292c00000006 000000002425b020
0x000000002047b618:   000000000000001b 000000002425c990
0x000000002047b628:   000000000000002c 000000002047b9f0
0x000000002047b638:   0000000026d9ac30 000000000019abe0
0x000000002047b648:   0000000025a3a7f8 0000000025a3a7f8
0x000000002047b658:   000000000000161f 0000000026d9ac30 

Instructions: (pc=0x000007fed7f4e300)
0x000007fed7f4e2e0:   00 00 00 89 41 28 4c 89 41 10 48 8b 42 08 48 89
0x000007fed7f4e2f0:   41 20 48 8b c1 48 89 51 30 c3 cc cc cc cc cc cc
0x000007fed7f4e300:   48 83 ec 28 4c 8b c9 8b 49 08 83 f9 08 73 1c 4d
0x000007fed7f4e310:   8b 51 10 44 8b c1 8d 51 01 43 83 3c 82 00 0f 85 


Stack slot to memory mapping:
stack at sp + 0 slots: 0x000007fed7dc781f jvm.dll
stack at sp + 1 slots: 0x0000000026d02430 points into unknown readable memory: 11 00 00 00 00 00 00 00
stack at sp + 2 slots: 0x000000000000161f is an unknown value
stack at sp + 3 slots: 0x000000002047b9d0 is pointing into the stack for thread: 0x000000001ee3d800
stack at sp + 4 slots: 0x0 is NULL
stack at sp + 5 slots: 0x00002bea00000000 is an unknown value
stack at sp + 6 slots: 0x000007fe00000008 is an unknown value
stack at sp + 7 slots: 0x0000000026108040 points into unknown readable memory: 00 b0 d1 80 40 00 00 80


---------------  P R O C E S S  ---------------

Threads class SMR info:
_java_thread_list=0x00000000220ddf20, length=16, elements={
0x000000000041b000, 0x000000001ee1e800, 0x000000001ee1f800, 0x000000001ee38800,
0x000000001ee3b800, 0x000000001ee3d800, 0x000000001ee43800, 0x000000001ee44000,
0x000000001ee02000, 0x00000000209fa000, 0x0000000020a07000, 0x00000000251d0000,
0x0000000025858800, 0x0000000022ad4000, 0x0000000022484000, 0x0000000020887000
}

Java Threads: ( => current thread )
  0x000000000041b000 JavaThread "main" [_thread_in_Java, id=8272, stack(0x0000000001fa0000,0x00000000020a0000)]
  0x000000001ee1e800 JavaThread "Reference Handler" daemon [_thread_blocked, id=8216, stack(0x000000001fda0000,0x000000001fea0000)]
  0x000000001ee1f800 JavaThread "Finalizer" daemon [_thread_blocked, id=3024, stack(0x0000000020060000,0x0000000020160000)]
  0x000000001ee38800 JavaThread "Signal Dispatcher" daemon [_thread_blocked, id=1864, stack(0x000000001ff50000,0x0000000020050000)]
  0x000000001ee3b800 JavaThread "Attach Listener" daemon [_thread_blocked, id=1628, stack(0x00000000201a0000,0x00000000202a0000)]
=>0x000000001ee3d800 JavaThread "C2 CompilerThread0" daemon [_thread_in_native, id=5456, stack(0x0000000020380000,0x0000000020480000)]
  0x000000001ee43800 JavaThread "C1 CompilerThread0" daemon [_thread_blocked, id=8916, stack(0x0000000020640000,0x0000000020740000)]
  0x000000001ee44000 JavaThread "Sweeper thread" daemon [_thread_blocked, id=8712, stack(0x0000000020740000,0x0000000020840000)]
  0x000000001ee02000 JavaThread "Common-Cleaner" daemon [_thread_blocked, id=2072, stack(0x0000000020510000,0x0000000020610000)]
  0x00000000209fa000 JavaThread "Monitor Ctrl-Break" daemon [_thread_in_native, id=1784, stack(0x0000000020ce0000,0x0000000020de0000)]
  0x0000000020a07000 JavaThread "Service Thread" daemon [_thread_blocked, id=8812, stack(0x0000000021060000,0x0000000021160000)]
  0x00000000251d0000 JavaThread "Catalina-utility-1" [_thread_blocked, id=7104, stack(0x0000000020f50000,0x0000000021050000)]
  0x0000000025858800 JavaThread "Catalina-utility-2" [_thread_blocked, id=5732, stack(0x0000000022e50000,0x0000000022f50000)]
  0x0000000022ad4000 JavaThread "container-0" [_thread_blocked, id=5180, stack(0x0000000024e10000,0x0000000024f10000)]
  0x0000000022484000 JavaThread "mysql-cj-abandoned-connection-cleanup" daemon [_thread_blocked, id=6488, stack(0x0000000026dd0000,0x0000000026ed0000)]
  0x0000000020887000 JavaThread "HikariPool-1 housekeeper" daemon [_thread_blocked, id=7976, stack(0x00000000273b0000,0x00000000274b0000)]

Other Threads:
  0x000000001ee18800 VMThread "VM Thread" [stack: 0x000000001fbe0000,0x000000001fce0000] [id=6848]
  0x0000000020a1e800 WatcherThread [stack: 0x00000000211c0000,0x00000000212c0000] [id=7224]
  0x0000000000446000 GCTaskThread "GC Thread#0" [stack: 0x000000001c5c0000,0x000000001c6c0000] [id=7556]
  0x0000000021b4a800 GCTaskThread "GC Thread#1" [stack: 0x0000000021310000,0x0000000021410000] [id=4032]
  0x0000000022227000 GCTaskThread "GC Thread#2" [stack: 0x0000000022fc0000,0x00000000230c0000] [id=5672]
  0x00000000222d6000 GCTaskThread "GC Thread#3" [stack: 0x0000000023170000,0x0000000023270000] [id=7768]
  0x000000000044d800 ConcurrentGCThread "G1 Main Marker" [stack: 0x000000001c810000,0x000000001c910000] [id=9192]
  0x000000000044f000 ConcurrentGCThread "G1 Conc#0" [stack: 0x000000001c6f0000,0x000000001c7f0000] [id=9128]
  0x000000001ed71800 ConcurrentGCThread "G1 Refine#0" [stack: 0x000000001eec0000,0x000000001efc0000] [id=8240]
  0x000000001ed72000 ConcurrentGCThread "G1 Young RemSet Sampling" [stack: 0x000000001f020000,0x000000001f120000] [id=9008]

Threads with active compile tasks:
C2 CompilerThread0  5067   !   4       org.springframework.core.annotation.AnnotatedElementUtils::searchWithFindSemantics (774 bytes)

VM state:not at safepoint (normal execution)

VM Mutex/Monitor currently owned by a thread: None

Heap address: 0x00000000c1200000, size: 1006 MB, Compressed Oops mode: 32-bit
Narrow klass base: 0x0000000800000000, Narrow klass shift: 3
Compressed class space size: 1073741824 Address: 0x00000008011a0000

Heap:
 garbage-first heap   total 107520K, used 40860K [0x00000000c1200000, 0x0000000100000000)
  region size 1024K, 17 young (17408K), 6 survivors (6144K)
 Metaspace       used 57904K, capacity 59426K, committed 59648K, reserved 1099776K
  class space    used 7727K, capacity 8326K, committed 8448K, reserved 1048576K
Heap Regions: E=young(eden), S=young(survivor), O=old, HS=humongous(starts), HC=humongous(continues), CS=collection set, F=free, A=archive, TAMS=top-at-mark-start (previous, next)
|   0|0x00000000c1200000, 0x00000000c1300000, 0x00000000c1300000|100%|HS|  |TAMS 0x00000000c1300000, 0x00000000c1200000| Complete 
|   1|0x00000000c1300000, 0x00000000c1400000, 0x00000000c1400000|100%| O|  |TAMS 0x00000000c1400000, 0x00000000c1300000| Untracked 
|   2|0x00000000c1400000, 0x00000000c1500000, 0x00000000c1500000|100%| O|  |TAMS 0x00000000c1500000, 0x00000000c1400000| Untracked 
|   3|0x00000000c1500000, 0x00000000c1600000, 0x00000000c1600000|100%| O|  |TAMS 0x00000000c1600000, 0x00000000c1500000| Untracked 
|   4|0x00000000c1600000, 0x00000000c1700000, 0x00000000c1700000|100%| O|  |TAMS 0x00000000c1700000, 0x00000000c1600000| Untracked 
|   5|0x00000000c1700000, 0x00000000c1800000, 0x00000000c1800000|100%| O|  |TAMS 0x00000000c1800000, 0x00000000c1700000| Untracked 
|   6|0x00000000c1800000, 0x00000000c1900000, 0x00000000c1900000|100%| O|  |TAMS 0x00000000c1900000, 0x00000000c1800000| Untracked 
|   7|0x00000000c1900000, 0x00000000c1a00000, 0x00000000c1a00000|100%| O|  |TAMS 0x00000000c1a00000, 0x00000000c1900000| Untracked 
|   8|0x00000000c1a00000, 0x00000000c1a98800, 0x00000000c1b00000| 59%| O|  |TAMS 0x00000000c1a98800, 0x00000000c1a00000| Untracked 
|   9|0x00000000c1b00000, 0x00000000c1c00000, 0x00000000c1c00000|100%| O|  |TAMS 0x00000000c1c00000, 0x00000000c1b00000| Untracked 
|  10|0x00000000c1c00000, 0x00000000c1d00000, 0x00000000c1d00000|100%| O|  |TAMS 0x00000000c1d00000, 0x00000000c1c00000| Untracked 
|  11|0x00000000c1d00000, 0x00000000c1e00000, 0x00000000c1e00000|100%| O|  |TAMS 0x00000000c1e00000, 0x00000000c1d00000| Untracked 
|  12|0x00000000c1e00000, 0x00000000c1f00000, 0x00000000c1f00000|100%| O|  |TAMS 0x00000000c1f00000, 0x00000000c1e00000| Untracked 
|  13|0x00000000c1f00000, 0x00000000c2000000, 0x00000000c2000000|100%| O|  |TAMS 0x00000000c2000000, 0x00000000c1f00000| Untracked 
|  14|0x00000000c2000000, 0x00000000c2100000, 0x00000000c2100000|100%| O|  |TAMS 0x00000000c2100000, 0x00000000c2000000| Untracked 
|  15|0x00000000c2100000, 0x00000000c2200000, 0x00000000c2200000|100%| O|  |TAMS 0x00000000c2200000, 0x00000000c2100000| Untracked 
|  16|0x00000000c2200000, 0x00000000c2300000, 0x00000000c2300000|100%| O|  |TAMS 0x00000000c2300000, 0x00000000c2200000| Untracked 
|  17|0x00000000c2300000, 0x00000000c2400000, 0x00000000c2400000|100%| O|  |TAMS 0x00000000c2400000, 0x00000000c2300000| Untracked 
|  18|0x00000000c2400000, 0x00000000c2500000, 0x00000000c2500000|100%| O|  |TAMS 0x00000000c2500000, 0x00000000c2400000| Untracked 
|  19|0x00000000c2500000, 0x00000000c2600000, 0x00000000c2600000|100%| O|  |TAMS 0x00000000c25c4a00, 0x00000000c2500000| Untracked 
|  20|0x00000000c2600000, 0x00000000c2700000, 0x00000000c2700000|100%| O|  |TAMS 0x00000000c2600000, 0x00000000c2600000| Untracked 
|  21|0x00000000c2700000, 0x00000000c2800000, 0x00000000c2800000|100%| O|  |TAMS 0x00000000c2700000, 0x00000000c2700000| Untracked 
|  22|0x00000000c2800000, 0x00000000c2900000, 0x00000000c2900000|100%| O|  |TAMS 0x00000000c2800000, 0x00000000c2800000| Untracked 
|  23|0x00000000c2900000, 0x00000000c2a00000, 0x00000000c2a00000|100%| O|  |TAMS 0x00000000c2900000, 0x00000000c2900000| Untracked 
|  24|0x00000000c2a00000, 0x00000000c2afa200, 0x00000000c2b00000| 97%| O|  |TAMS 0x00000000c2a00000, 0x00000000c2a00000| Untracked 
|  25|0x00000000c2b00000, 0x00000000c2b00000, 0x00000000c2c00000|  0%| F|  |TAMS 0x00000000c2b00000, 0x00000000c2b00000| Untracked 
|  26|0x00000000c2c00000, 0x00000000c2c00000, 0x00000000c2d00000|  0%| F|  |TAMS 0x00000000c2c00000, 0x00000000c2c00000| Untracked 
|  27|0x00000000c2d00000, 0x00000000c2d00000, 0x00000000c2e00000|  0%| F|  |TAMS 0x00000000c2d00000, 0x00000000c2d00000| Untracked 
|  28|0x00000000c2e00000, 0x00000000c2e00000, 0x00000000c2f00000|  0%| F|  |TAMS 0x00000000c2e00000, 0x00000000c2e00000| Untracked 
|  29|0x00000000c2f00000, 0x00000000c2f00000, 0x00000000c3000000|  0%| F|  |TAMS 0x00000000c2f00000, 0x00000000c2f00000| Untracked 
|  30|0x00000000c3000000, 0x00000000c3000000, 0x00000000c3100000|  0%| F|  |TAMS 0x00000000c3000000, 0x00000000c3000000| Untracked 
|  31|0x00000000c3100000, 0x00000000c3100000, 0x00000000c3200000|  0%| F|  |TAMS 0x00000000c3100000, 0x00000000c3100000| Untracked 
|  32|0x00000000c3200000, 0x00000000c3200000, 0x00000000c3300000|  0%| F|  |TAMS 0x00000000c3200000, 0x00000000c3200000| Untracked 
|  33|0x00000000c3300000, 0x00000000c3300000, 0x00000000c3400000|  0%| F|  |TAMS 0x00000000c3300000, 0x00000000c3300000| Untracked 
|  34|0x00000000c3400000, 0x00000000c3400000, 0x00000000c3500000|  0%| F|  |TAMS 0x00000000c3400000, 0x00000000c3400000| Untracked 
|  35|0x00000000c3500000, 0x00000000c3500000, 0x00000000c3600000|  0%| F|  |TAMS 0x00000000c3500000, 0x00000000c3500000| Untracked 
|  36|0x00000000c3600000, 0x00000000c3600000, 0x00000000c3700000|  0%| F|  |TAMS 0x00000000c3600000, 0x00000000c3600000| Untracked 
|  37|0x00000000c3700000, 0x00000000c3700000, 0x00000000c3800000|  0%| F|  |TAMS 0x00000000c3700000, 0x00000000c3700000| Untracked 
|  38|0x00000000c3800000, 0x00000000c3854860, 0x00000000c3900000| 33%| S|CS|TAMS 0x00000000c3800000, 0x00000000c3800000| Complete 
|  39|0x00000000c3900000, 0x00000000c3a00000, 0x00000000c3a00000|100%| S|CS|TAMS 0x00000000c3900000, 0x00000000c3900000| Complete 
|  40|0x00000000c3a00000, 0x00000000c3b00000, 0x00000000c3b00000|100%| S|CS|TAMS 0x00000000c3a00000, 0x00000000c3a00000| Complete 
|  41|0x00000000c3b00000, 0x00000000c3c00000, 0x00000000c3c00000|100%| S|CS|TAMS 0x00000000c3b00000, 0x00000000c3b00000| Complete 
|  42|0x00000000c3c00000, 0x00000000c3c00000, 0x00000000c3d00000|  0%| F|  |TAMS 0x00000000c3c00000, 0x00000000c3c00000| Untracked 
|  43|0x00000000c3d00000, 0x00000000c3d00000, 0x00000000c3e00000|  0%| F|  |TAMS 0x00000000c3d00000, 0x00000000c3d00000| Untracked 
|  44|0x00000000c3e00000, 0x00000000c3e00000, 0x00000000c3f00000|  0%| F|  |TAMS 0x00000000c3e00000, 0x00000000c3e00000| Untracked 
|  45|0x00000000c3f00000, 0x00000000c4000000, 0x00000000c4000000|100%| S|CS|TAMS 0x00000000c3f00000, 0x00000000c3f00000| Complete 
|  46|0x00000000c4000000, 0x00000000c4000000, 0x00000000c4100000|  0%| F|  |TAMS 0x00000000c4000000, 0x00000000c4000000| Untracked 
|  47|0x00000000c4100000, 0x00000000c4200000, 0x00000000c4200000|100%| S|CS|TAMS 0x00000000c4100000, 0x00000000c4100000| Complete 
|  48|0x00000000c4200000, 0x00000000c4200000, 0x00000000c4300000|  0%| F|  |TAMS 0x00000000c4200000, 0x00000000c4200000| Untracked 
|  49|0x00000000c4300000, 0x00000000c4300000, 0x00000000c4400000|  0%| F|  |TAMS 0x00000000c4300000, 0x00000000c4300000| Untracked 
|  50|0x00000000c4400000, 0x00000000c4400000, 0x00000000c4500000|  0%| F|  |TAMS 0x00000000c4400000, 0x00000000c4400000| Untracked 
|  51|0x00000000c4500000, 0x00000000c4500000, 0x00000000c4600000|  0%| F|  |TAMS 0x00000000c4500000, 0x00000000c4500000| Untracked 
|  52|0x00000000c4600000, 0x00000000c4600000, 0x00000000c4700000|  0%| F|  |TAMS 0x00000000c4600000, 0x00000000c4600000| Untracked 
|  53|0x00000000c4700000, 0x00000000c4700000, 0x00000000c4800000|  0%| F|  |TAMS 0x00000000c4700000, 0x00000000c4700000| Untracked 
|  54|0x00000000c4800000, 0x00000000c4800000, 0x00000000c4900000|  0%| F|  |TAMS 0x00000000c4800000, 0x00000000c4800000| Untracked 
|  55|0x00000000c4900000, 0x00000000c4900000, 0x00000000c4a00000|  0%| F|  |TAMS 0x00000000c4900000, 0x00000000c4900000| Untracked 
|  56|0x00000000c4a00000, 0x00000000c4a00000, 0x00000000c4b00000|  0%| F|  |TAMS 0x00000000c4a00000, 0x00000000c4a00000| Untracked 
|  57|0x00000000c4b00000, 0x00000000c4b00000, 0x00000000c4c00000|  0%| F|  |TAMS 0x00000000c4b00000, 0x00000000c4b00000| Untracked 
|  58|0x00000000c4c00000, 0x00000000c4c00000, 0x00000000c4d00000|  0%| F|  |TAMS 0x00000000c4c00000, 0x00000000c4c00000| Untracked 
|  59|0x00000000c4d00000, 0x00000000c4d00000, 0x00000000c4e00000|  0%| F|  |TAMS 0x00000000c4d00000, 0x00000000c4d00000| Untracked 
|  60|0x00000000c4e00000, 0x00000000c4e00000, 0x00000000c4f00000|  0%| F|  |TAMS 0x00000000c4e00000, 0x00000000c4e00000| Untracked 
|  61|0x00000000c4f00000, 0x00000000c4f00000, 0x00000000c5000000|  0%| F|  |TAMS 0x00000000c4f00000, 0x00000000c4f00000| Untracked 
|  62|0x00000000c5000000, 0x00000000c5000000, 0x00000000c5100000|  0%| F|  |TAMS 0x00000000c5000000, 0x00000000c5000000| Untracked 
|  63|0x00000000c5100000, 0x00000000c5100000, 0x00000000c5200000|  0%| F|  |TAMS 0x00000000c5100000, 0x00000000c5100000| Untracked 
|  64|0x00000000c5200000, 0x00000000c5200000, 0x00000000c5300000|  0%| F|  |TAMS 0x00000000c5200000, 0x00000000c5200000| Untracked 
|  65|0x00000000c5300000, 0x00000000c5300000, 0x00000000c5400000|  0%| F|  |TAMS 0x00000000c5300000, 0x00000000c5300000| Untracked 
|  66|0x00000000c5400000, 0x00000000c5400000, 0x00000000c5500000|  0%| F|  |TAMS 0x00000000c5400000, 0x00000000c5400000| Untracked 
|  67|0x00000000c5500000, 0x00000000c5500000, 0x00000000c5600000|  0%| F|  |TAMS 0x00000000c5500000, 0x00000000c5500000| Untracked 
|  68|0x00000000c5600000, 0x00000000c5600000, 0x00000000c5700000|  0%| F|  |TAMS 0x00000000c5600000, 0x00000000c5600000| Untracked 
|  69|0x00000000c5700000, 0x00000000c5700000, 0x00000000c5800000|  0%| F|  |TAMS 0x00000000c5700000, 0x00000000c5700000| Untracked 
|  70|0x00000000c5800000, 0x00000000c5800000, 0x00000000c5900000|  0%| F|  |TAMS 0x00000000c5800000, 0x00000000c5800000| Untracked 
|  71|0x00000000c5900000, 0x00000000c5900000, 0x00000000c5a00000|  0%| F|  |TAMS 0x00000000c5900000, 0x00000000c5900000| Untracked 
|  72|0x00000000c5a00000, 0x00000000c5a00000, 0x00000000c5b00000|  0%| F|  |TAMS 0x00000000c5a00000, 0x00000000c5a00000| Untracked 
|  73|0x00000000c5b00000, 0x00000000c5b00000, 0x00000000c5c00000|  0%| F|  |TAMS 0x00000000c5b00000, 0x00000000c5b00000| Untracked 
|  74|0x00000000c5c00000, 0x00000000c5c00000, 0x00000000c5d00000|  0%| F|  |TAMS 0x00000000c5c00000, 0x00000000c5c00000| Untracked 
|  75|0x00000000c5d00000, 0x00000000c5d00000, 0x00000000c5e00000|  0%| F|  |TAMS 0x00000000c5d00000, 0x00000000c5d00000| Untracked 
|  76|0x00000000c5e00000, 0x00000000c5e00000, 0x00000000c5f00000|  0%| F|  |TAMS 0x00000000c5e00000, 0x00000000c5e00000| Untracked 
|  77|0x00000000c5f00000, 0x00000000c5f00000, 0x00000000c6000000|  0%| F|  |TAMS 0x00000000c5f00000, 0x00000000c5f00000| Untracked 
|  78|0x00000000c6000000, 0x00000000c6000000, 0x00000000c6100000|  0%| F|  |TAMS 0x00000000c6000000, 0x00000000c6000000| Untracked 
|  79|0x00000000c6100000, 0x00000000c6100000, 0x00000000c6200000|  0%| F|  |TAMS 0x00000000c6100000, 0x00000000c6100000| Untracked 
|  80|0x00000000c6200000, 0x00000000c6200000, 0x00000000c6300000|  0%| F|  |TAMS 0x00000000c6200000, 0x00000000c6200000| Untracked 
|  81|0x00000000c6300000, 0x00000000c6300000, 0x00000000c6400000|  0%| F|  |TAMS 0x00000000c6300000, 0x00000000c6300000| Untracked 
|  82|0x00000000c6400000, 0x00000000c6400000, 0x00000000c6500000|  0%| F|  |TAMS 0x00000000c6400000, 0x00000000c6400000| Untracked 
|  83|0x00000000c6500000, 0x00000000c6500000, 0x00000000c6600000|  0%| F|  |TAMS 0x00000000c6500000, 0x00000000c6500000| Untracked 
|  84|0x00000000c6600000, 0x00000000c6600000, 0x00000000c6700000|  0%| F|  |TAMS 0x00000000c6600000, 0x00000000c6600000| Untracked 
|  85|0x00000000c6700000, 0x00000000c6700000, 0x00000000c6800000|  0%| F|  |TAMS 0x00000000c6700000, 0x00000000c6700000| Untracked 
|  86|0x00000000c6800000, 0x00000000c6800000, 0x00000000c6900000|  0%| F|  |TAMS 0x00000000c6800000, 0x00000000c6800000| Untracked 
|  87|0x00000000c6900000, 0x00000000c6900000, 0x00000000c6a00000|  0%| F|  |TAMS 0x00000000c6900000, 0x00000000c6900000| Untracked 
|  88|0x00000000c6a00000, 0x00000000c6a00000, 0x00000000c6b00000|  0%| F|  |TAMS 0x00000000c6a00000, 0x00000000c6a00000| Untracked 
|  89|0x00000000c6b00000, 0x00000000c6b00000, 0x00000000c6c00000|  0%| F|  |TAMS 0x00000000c6b00000, 0x00000000c6b00000| Untracked 
|  90|0x00000000c6c00000, 0x00000000c6c00000, 0x00000000c6d00000|  0%| F|  |TAMS 0x00000000c6c00000, 0x00000000c6c00000| Untracked 
|  91|0x00000000c6d00000, 0x00000000c6d00000, 0x00000000c6e00000|  0%| F|  |TAMS 0x00000000c6d00000, 0x00000000c6d00000| Untracked 
|  92|0x00000000c6e00000, 0x00000000c6e00000, 0x00000000c6f00000|  0%| F|  |TAMS 0x00000000c6e00000, 0x00000000c6e00000| Untracked 
|  93|0x00000000c6f00000, 0x00000000c6f00000, 0x00000000c7000000|  0%| F|  |TAMS 0x00000000c6f00000, 0x00000000c6f00000| Untracked 
|  94|0x00000000c7000000, 0x00000000c7081010, 0x00000000c7100000| 50%| E|  |TAMS 0x00000000c7000000, 0x00000000c7000000| Complete 
|  95|0x00000000c7100000, 0x00000000c7200000, 0x00000000c7200000|100%| E|CS|TAMS 0x00000000c7100000, 0x00000000c7100000| Complete 
|  96|0x00000000c7200000, 0x00000000c7300000, 0x00000000c7300000|100%| E|CS|TAMS 0x00000000c7200000, 0x00000000c7200000| Complete 
|  97|0x00000000c7300000, 0x00000000c7400000, 0x00000000c7400000|100%| E|CS|TAMS 0x00000000c7300000, 0x00000000c7300000| Complete 
|  98|0x00000000c7400000, 0x00000000c7500000, 0x00000000c7500000|100%| E|CS|TAMS 0x00000000c7400000, 0x00000000c7400000| Complete 
|  99|0x00000000c7500000, 0x00000000c7600000, 0x00000000c7600000|100%| E|CS|TAMS 0x00000000c7500000, 0x00000000c7500000| Complete 
| 100|0x00000000c7600000, 0x00000000c7700000, 0x00000000c7700000|100%| E|CS|TAMS 0x00000000c7600000, 0x00000000c7600000| Complete 
| 101|0x00000000c7700000, 0x00000000c7800000, 0x00000000c7800000|100%| E|CS|TAMS 0x00000000c7700000, 0x00000000c7700000| Complete 
| 102|0x00000000c7800000, 0x00000000c7900000, 0x00000000c7900000|100%| E|CS|TAMS 0x00000000c7800000, 0x00000000c7800000| Complete 
| 103|0x00000000c7900000, 0x00000000c7a00000, 0x00000000c7a00000|100%| E|CS|TAMS 0x00000000c7900000, 0x00000000c7900000| Complete 
| 104|0x00000000c7a00000, 0x00000000c7b00000, 0x00000000c7b00000|100%| E|CS|TAMS 0x00000000c7a00000, 0x00000000c7a00000| Complete 

Card table byte_map: [0x000000001a1a0000,0x000000001a3a0000] _byte_map_base: 0x0000000019b97000

Marking Bits (Prev, Next): (CMBitMap*) 0x0000000000446ae8, (CMBitMap*) 0x0000000000446b28
 Prev Bits: [0x000000001a5a0000, 0x000000001b558000)
 Next Bits: [0x000000001b560000, 0x000000001c518000)

Polling page: 0x0000000000340000

Metaspace:

Usage:
  Non-class:     49.90 MB capacity,    49.03 MB ( 98%) used,   713.93 KB (  1%) free+waste,   182.69 KB ( <1%) overhead. 
      Class:      8.13 MB capacity,     7.55 MB ( 93%) used,   509.85 KB (  6%) free+waste,    86.88 KB (  1%) overhead. 
       Both:     58.03 MB capacity,    56.57 MB ( 97%) used,     1.20 MB (  2%) free+waste,   269.56 KB ( <1%) overhead. 

Virtual space:
  Non-class space:       50.00 MB reserved,      50.00 MB (100%) committed 
      Class space:        1.00 GB reserved,       8.25 MB ( <1%) committed 
             Both:        1.05 GB reserved,      58.25 MB (  5%) committed 

Chunk freelists:
   Non-Class:  4.50 KB
       Class:  3.25 KB
        Both:  7.75 KB

CodeHeap 'non-profiled nmethods': size=120064Kb used=2269Kb max_used=2269Kb free=117794Kb
 bounds [0x0000000012440000, 0x00000000126b0000, 0x0000000019980000]
CodeHeap 'profiled nmethods': size=120000Kb used=12446Kb max_used=12446Kb free=107553Kb
 bounds [0x000000000af10000, 0x000000000bb40000, 0x0000000012440000]
CodeHeap 'non-nmethods': size=5696Kb used=1243Kb max_used=1278Kb free=4452Kb
 bounds [0x000000000a980000, 0x000000000abf0000, 0x000000000af10000]
 total_blobs=6775 nmethods=4956 adapters=516
 compilation: enabled
              stopped_count=0, restarted_count=0
 full_count=0

Compilation events (10 events):
Event: 25.181 Thread 0x000000001ee43800 5280       2       org.springframework.cglib.core.AbstractClassGenerator::getClassLoader (53 bytes)
Event: 25.184 Thread 0x000000001ee43800 nmethod 5280 0x000000000bb2d090 code [0x000000000bb2d2c0, 0x000000000bb2d960]
Event: 25.210 Thread 0x000000001ee43800 5281   !   3       java.util.concurrent.ConcurrentHashMap::transfer (849 bytes)
Event: 25.221 Thread 0x000000001ee43800 nmethod 5281 0x000000000bb2dc90 code [0x000000000bb2e140, 0x000000000bb31780]
Event: 25.221 Thread 0x000000001ee43800 5282   !   2       jdk.internal.reflect.GeneratedConstructorAccessor29::newInstance (53 bytes)
Event: 25.222 Thread 0x000000001ee43800 nmethod 5282 0x000000000bb32d10 code [0x000000000bb32f40, 0x000000000bb33590]
Event: 25.304 Thread 0x000000001ee43800 5283       2       java.beans.FeatureDescriptor::<init> (69 bytes)
Event: 25.305 Thread 0x000000001ee43800 nmethod 5283 0x000000000bb33910 code [0x000000000bb33b20, 0x000000000bb33ff0]
Event: 25.316 Thread 0x000000001ee43800 5284       2       com.sun.beans.util.Cache$CacheEntry::<init> (56 bytes)
Event: 25.316 Thread 0x000000001ee43800 nmethod 5284 0x000000000bb34190 code [0x000000000bb34380, 0x000000000bb34720]

GC Heap History (10 events):
Event: 20.274 GC heap before
{Heap before GC invocations=21 (full 0):
 garbage-first heap   total 89088K, used 59106K [0x00000000c1200000, 0x0000000100000000)
  region size 1024K, 37 young (37888K), 3 survivors (3072K)
 Metaspace       used 44421K, capacity 45656K, committed 45824K, reserved 1089536K
  class space    used 5833K, capacity 6300K, committed 6400K, reserved 1048576K
}
Event: 20.286 GC heap after
{Heap after GC invocations=22 (full 0):
 garbage-first heap   total 89088K, used 25147K [0x00000000c1200000, 0x0000000100000000)
  region size 1024K, 3 young (3072K), 3 survivors (3072K)
 Metaspace       used 44421K, capacity 45656K, committed 45824K, reserved 1089536K
  class space    used 5833K, capacity 6300K, committed 6400K, reserved 1048576K
}
Event: 21.544 GC heap before
{Heap before GC invocations=22 (full 0):
 garbage-first heap   total 89088K, used 59963K [0x00000000c1200000, 0x0000000100000000)
  region size 1024K, 37 young (37888K), 3 survivors (3072K)
 Metaspace       used 48792K, capacity 50027K, committed 50176K, reserved 1093632K
  class space    used 6389K, capacity 6882K, committed 6912K, reserved 1048576K
}
Event: 21.558 GC heap after
{Heap after GC invocations=23 (full 0):
 garbage-first heap   total 89088K, used 25939K [0x00000000c1200000, 0x0000000100000000)
  region size 1024K, 4 young (4096K), 4 survivors (4096K)
 Metaspace       used 48792K, capacity 50027K, committed 50176K, reserved 1093632K
  class space    used 6389K, capacity 6882K, committed 6912K, reserved 1048576K
}
Event: 22.908 GC heap before
{Heap before GC invocations=23 (full 0):
 garbage-first heap   total 89088K, used 61779K [0x00000000c1200000, 0x0000000100000000)
  region size 1024K, 39 young (39936K), 4 survivors (4096K)
 Metaspace       used 52596K, capacity 53858K, committed 54144K, reserved 1095680K
  class space    used 7024K, capacity 7513K, committed 7552K, reserved 1048576K
}
Event: 22.923 GC heap after
{Heap after GC invocations=24 (full 0):
 garbage-first heap   total 89088K, used 26763K [0x00000000c1200000, 0x0000000100000000)
  region size 1024K, 3 young (3072K), 3 survivors (3072K)
 Metaspace       used 52596K, capacity 53858K, committed 54144K, reserved 1095680K
  class space    used 7024K, capacity 7513K, committed 7552K, reserved 1048576K
}
Event: 24.294 GC heap before
{Heap before GC invocations=24 (full 0):
 garbage-first heap   total 89088K, used 65675K [0x00000000c1200000, 0x0000000100000000)
  region size 1024K, 41 young (41984K), 3 survivors (3072K)
 Metaspace       used 56769K, capacity 58207K, committed 58368K, reserved 1099776K
  class space    used 7592K, capacity 8178K, committed 8192K, reserved 1048576K
}
Event: 24.308 GC heap after
{Heap after GC invocations=25 (full 0):
 garbage-first heap   total 89088K, used 28404K [0x00000000c1200000, 0x0000000100000000)
  region size 1024K, 4 young (4096K), 4 survivors (4096K)
 Metaspace       used 56769K, capacity 58207K, committed 58368K, reserved 1099776K
  class space    used 7592K, capacity 8178K, committed 8192K, reserved 1048576K
}
Event: 25.265 GC heap before
{Heap before GC invocations=25 (full 0):
 garbage-first heap   total 89088K, used 68340K [0x00000000c1200000, 0x0000000100000000)
  region size 1024K, 43 young (44032K), 4 survivors (4096K)
 Metaspace       used 57816K, capacity 59321K, committed 59520K, reserved 1099776K
  class space    used 7717K, capacity 8291K, committed 8320K, reserved 1048576K
}
Event: 25.285 GC heap after
{Heap after GC invocations=26 (full 0):
 garbage-first heap   total 107520K, used 30620K [0x00000000c1200000, 0x0000000100000000)
  region size 1024K, 6 young (6144K), 6 survivors (6144K)
 Metaspace       used 57816K, capacity 59321K, committed 59520K, reserved 1099776K
  class space    used 7717K, capacity 8291K, committed 8320K, reserved 1048576K
}

Deoptimization events (10 events):
Event: 23.789 Thread 0x000000000041b000 Uncommon trap: reason=class_check action=maybe_recompile pc=0x000000001258b6d4 method=org.springframework.util.ConcurrentReferenceHashMap.getEntryIfAvailable(Ljava/lang/Object;)Lorg/springframework/util/ConcurrentReferenceHashMap$Entry; @ 14 c2
Event: 23.789 Thread 0x000000000041b000 Uncommon trap: reason=class_check action=maybe_recompile pc=0x000000001258b6d4 method=org.springframework.util.ConcurrentReferenceHashMap.getEntryIfAvailable(Ljava/lang/Object;)Lorg/springframework/util/ConcurrentReferenceHashMap$Entry; @ 14 c2
Event: 23.822 Thread 0x000000000041b000 Uncommon trap: reason=class_check action=maybe_recompile pc=0x000000001258b6d4 method=org.springframework.util.ConcurrentReferenceHashMap.getEntryIfAvailable(Ljava/lang/Object;)Lorg/springframework/util/ConcurrentReferenceHashMap$Entry; @ 14 c2
Event: 23.882 Thread 0x000000000041b000 Uncommon trap: reason=null_check action=make_not_entrant pc=0x00000000125f6124 method=org.springframework.util.ClassUtils.isAssignable(Ljava/lang/Class;Ljava/lang/Class;)Z @ 14 c2
Event: 24.373 Thread 0x000000000041b000 Uncommon trap: reason=unstable_if action=reinterpret pc=0x000000001259d7c8 method=org.springframework.asm.Type.appendDescriptor(Ljava/lang/Class;Ljava/lang/StringBuilder;)V @ 61 c2
Event: 24.380 Thread 0x000000000041b000 Uncommon trap: reason=unstable_if action=reinterpret pc=0x00000000125f5bb0 method=org.springframework.asm.Frame.merge(Lorg/springframework/asm/SymbolTable;I[II)Z @ 40 c2
Event: 24.408 Thread 0x000000000041b000 Uncommon trap: reason=unstable_if action=reinterpret pc=0x00000000125b2aa8 method=org.springframework.aop.framework.autoproxy.AbstractAutoProxyCreator.predictBeanType(Ljava/lang/Class;Ljava/lang/String;)Ljava/lang/Class; @ 9 c2
Event: 24.413 Thread 0x000000000041b000 Uncommon trap: reason=unstable_if action=reinterpret pc=0x0000000012592170 method=org.springframework.beans.factory.support.AbstractAutowireCapableBeanFactory.predictBeanType(Ljava/lang/String;Lorg/springframework/beans/factory/support/RootBeanDefinition;
Event: 24.572 Thread 0x000000000041b000 Uncommon trap: reason=unstable_if action=reinterpret pc=0x000000001254db30 method=java.util.concurrent.ConcurrentHashMap.transfer([Ljava/util/concurrent/ConcurrentHashMap$Node;[Ljava/util/concurrent/ConcurrentHashMap$Node;)V @ 352 c2
Event: 24.896 Thread 0x000000000041b000 Uncommon trap: reason=unstable_if action=reinterpret pc=0x00000000125b1590 method=java.lang.Class.getComponentType()Ljava/lang/Class; @ 4 c2

Classes redefined (0 events):
No events

Internal exceptions (10 events):
Event: 25.315 Thread 0x000000000041b000 Exception <a 'java/lang/ClassNotFoundException'{0x00000000c79524f8}: org/springframework/web/servlet/HandlerMappingCustomizer> (0x00000000c79524f8) thrown at [t:/workspace/open/src/hotspot/share/classfile/systemDictionary.cpp, line 235]
Event: 25.317 Thread 0x000000000041b000 Exception <a 'java/lang/ClassNotFoundException'{0x00000000c7969600}: org/springframework/web/servlet/HandlerMappingCustomizer> (0x00000000c7969600) thrown at [t:/workspace/open/src/hotspot/share/classfile/systemDictionary.cpp, line 235]
Event: 25.318 Thread 0x000000000041b000 Exception <a 'java/lang/ClassNotFoundException'{0x00000000c797df00}: org/springframework/core/OrderedCustomizer> (0x00000000c797df00) thrown at [t:/workspace/open/src/hotspot/share/classfile/systemDictionary.cpp, line 235]
Event: 25.320 Thread 0x000000000041b000 Exception <a 'java/lang/ClassNotFoundException'{0x00000000c79951e8}: org/springframework/beans/factory/BeanNameAwareCustomizer> (0x00000000c79951e8) thrown at [t:/workspace/open/src/hotspot/share/classfile/systemDictionary.cpp, line 235]
Event: 25.321 Thread 0x000000000041b000 Exception <a 'java/lang/ClassNotFoundException'{0x00000000c79aae90}: org/springframework/beans/factory/AwareCustomizer> (0x00000000c79aae90) thrown at [t:/workspace/open/src/hotspot/share/classfile/systemDictionary.cpp, line 235]
Event: 25.323 Thread 0x000000000041b000 Exception <a 'java/lang/ClassNotFoundException'{0x00000000c79c23e0}: org/springframework/web/context/ServletContextAwareCustomizer> (0x00000000c79c23e0) thrown at [t:/workspace/open/src/hotspot/share/classfile/systemDictionary.cpp, line 235]
Event: 25.325 Thread 0x000000000041b000 Exception <a 'java/lang/ClassNotFoundException'{0x00000000c79d80e0}: org/springframework/beans/factory/AwareCustomizer> (0x00000000c79d80e0) thrown at [t:/workspace/open/src/hotspot/share/classfile/systemDictionary.cpp, line 235]
Event: 25.326 Thread 0x000000000041b000 Exception <a 'java/lang/ClassNotFoundException'{0x00000000c79ef630}: org/springframework/context/ApplicationContextAwareCustomizer> (0x00000000c79ef630) thrown at [t:/workspace/open/src/hotspot/share/classfile/systemDictionary.cpp, line 235]
Event: 25.328 Thread 0x000000000041b000 Exception <a 'java/lang/ClassNotFoundException'{0x00000000c7805f88}: org/springframework/beans/factory/AwareCustomizer> (0x00000000c7805f88) thrown at [t:/workspace/open/src/hotspot/share/classfile/systemDictionary.cpp, line 235]
Event: 25.344 Thread 0x000000000041b000 Exception <a 'java/lang/ClassNotFoundException'{0x00000000c78906f0}: java/lang/ObjectCustomizer> (0x00000000c78906f0) thrown at [t:/workspace/open/src/hotspot/share/classfile/systemDictionary.cpp, line 235]

Events (10 events):
Event: 25.332 loading class org/springframework/web/servlet/handler/SimpleUrlHandlerMapping
Event: 25.332 loading class org/springframework/web/servlet/handler/SimpleUrlHandlerMapping done
Event: 25.344 loading class java/lang/ObjectCustomizer
Event: 25.344 loading class java/lang/ObjectCustomizer done
Event: 25.344 loading class java/lang/ObjectCustomizer
Event: 25.344 loading class java/lang/ObjectCustomizer done
Event: 25.345 loading class org/springframework/web/servlet/config/annotation/WebMvcConfigurationSupportCustomizer
Event: 25.345 loading class org/springframework/web/servlet/config/annotation/WebMvcConfigurationSupportCustomizer done
Event: 25.345 loading class org/springframework/web/servlet/config/annotation/WebMvcConfigurationSupportCustomizer
Event: 25.345 loading class org/springframework/web/servlet/config/annotation/WebMvcConfigurationSupportCustomizer done


Dynamic libraries:
0x000000013fd70000 - 0x000000013fd7f000 	C:\Program Files\Java\jdk-12.0.1\bin\java.exe
0x0000000076e70000 - 0x0000000077019000 	C:\Windows\SYSTEM32\ntdll.dll
0x0000000076c50000 - 0x0000000076d6f000 	C:\Windows\system32\kernel32.dll
0x000007fefd0e0000 - 0x000007fefd14b000 	C:\Windows\system32\KERNELBASE.dll
0x000007fef3e90000 - 0x000007fef3ea8000 	C:\Program Files\Java\jdk-12.0.1\bin\jli.dll
0x000007fefd980000 - 0x000007fefda5b000 	C:\Windows\system32\ADVAPI32.dll
0x000007fefd230000 - 0x000007fefd2cf000 	C:\Windows\system32\msvcrt.dll
0x000007fefd580000 - 0x000007fefd59f000 	C:\Windows\SYSTEM32\sechost.dll
0x000007fefdd00000 - 0x000007fefde2d000 	C:\Windows\system32\RPCRT4.dll
0x000007fefb5e0000 - 0x000007fefb7d4000 	C:\Windows\WinSxS\amd64_microsoft.windows.common-controls_6595b64144ccf1df_6.0.7601.17514_none_fa396087175ac9ac\COMCTL32.dll
0x000007fefdf20000 - 0x000007fefdf87000 	C:\Windows\system32\GDI32.dll
0x0000000076d70000 - 0x0000000076e6a000 	C:\Windows\system32\USER32.dll
0x000007fefdc90000 - 0x000007fefdc9e000 	C:\Windows\system32\LPK.dll
0x000007fefdab0000 - 0x000007fefdb79000 	C:\Windows\system32\USP10.dll
0x000007feff080000 - 0x000007feff0f1000 	C:\Windows\system32\SHLWAPI.dll
0x000007fefbf20000 - 0x000007fefbf2c000 	C:\Windows\system32\VERSION.dll
0x000007fef3ff0000 - 0x000007fef4006000 	C:\Program Files\Java\jdk-12.0.1\bin\VCRUNTIME140.dll
0x000007fef8850000 - 0x000007fef8854000 	C:\Program Files\Java\jdk-12.0.1\bin\api-ms-win-crt-runtime-l1-1-0.dll
0x000007fed99b0000 - 0x000007fed9aa6000 	C:\Program Files\Java\jdk-12.0.1\bin\ucrtbase.DLL
0x000007fef3fe0000 - 0x000007fef3fe3000 	C:\Program Files\Java\jdk-12.0.1\bin\api-ms-win-core-localization-l1-2-0.dll
0x000007fef3c00000 - 0x000007fef3c03000 	C:\Program Files\Java\jdk-12.0.1\bin\api-ms-win-core-processthreads-l1-1-1.dll
0x000007fef3e80000 - 0x000007fef3e83000 	C:\Program Files\Java\jdk-12.0.1\bin\api-ms-win-core-file-l1-2-0.dll
0x000007fede930000 - 0x000007fede933000 	C:\Program Files\Java\jdk-12.0.1\bin\api-ms-win-core-timezone-l1-1-0.dll
0x000007fede940000 - 0x000007fede943000 	C:\Program Files\Java\jdk-12.0.1\bin\api-ms-win-core-file-l2-1-0.dll
0x000007fede490000 - 0x000007fede493000 	C:\Program Files\Java\jdk-12.0.1\bin\api-ms-win-core-synch-l1-2-0.dll
0x000007fede6e0000 - 0x000007fede6e4000 	C:\Program Files\Java\jdk-12.0.1\bin\api-ms-win-crt-string-l1-1-0.dll
0x000007fede240000 - 0x000007fede243000 	C:\Program Files\Java\jdk-12.0.1\bin\api-ms-win-crt-heap-l1-1-0.dll
0x000007fede480000 - 0x000007fede484000 	C:\Program Files\Java\jdk-12.0.1\bin\api-ms-win-crt-stdio-l1-1-0.dll
0x000007fede220000 - 0x000007fede224000 	C:\Program Files\Java\jdk-12.0.1\bin\api-ms-win-crt-convert-l1-1-0.dll
0x000007fede230000 - 0x000007fede233000 	C:\Program Files\Java\jdk-12.0.1\bin\api-ms-win-crt-environment-l1-1-0.dll
0x000007fedd9d0000 - 0x000007fedd9d3000 	C:\Program Files\Java\jdk-12.0.1\bin\api-ms-win-crt-filesystem-l1-1-0.dll
0x000007fede030000 - 0x000007fede035000 	C:\Program Files\Java\jdk-12.0.1\bin\api-ms-win-crt-math-l1-1-0.dll
0x000007fedd990000 - 0x000007fedd993000 	C:\Program Files\Java\jdk-12.0.1\bin\api-ms-win-crt-locale-l1-1-0.dll
0x000007fefd5a0000 - 0x000007fefd5ce000 	C:\Windows\system32\IMM32.DLL
0x000007fefdb80000 - 0x000007fefdc89000 	C:\Windows\system32\MSCTF.dll
0x000007fed9900000 - 0x000007fed99aa000 	C:\Program Files\Java\jdk-12.0.1\bin\msvcp140.dll
0x000007fedd9a0000 - 0x000007fedd9a5000 	C:\Program Files\Java\jdk-12.0.1\bin\api-ms-win-crt-multibyte-l1-1-0.dll
0x000007fedb560000 - 0x000007fedb563000 	C:\Program Files\Java\jdk-12.0.1\bin\api-ms-win-crt-time-l1-1-0.dll
0x000007fedbc60000 - 0x000007fedbc63000 	C:\Program Files\Java\jdk-12.0.1\bin\api-ms-win-crt-utility-l1-1-0.dll
0x000007fed7bd0000 - 0x000007fed8744000 	C:\Program Files\Java\jdk-12.0.1\bin\server\jvm.dll
0x000007fef5e10000 - 0x000007fef5e19000 	C:\Windows\system32\WSOCK32.dll
0x000007fefda60000 - 0x000007fefdaad000 	C:\Windows\system32\WS2_32.dll
0x000007fefde30000 - 0x000007fefde38000 	C:\Windows\system32\NSI.dll
0x000007fefae40000 - 0x000007fefae7b000 	C:\Windows\system32\WINMM.dll
0x0000000077040000 - 0x0000000077047000 	C:\Windows\system32\PSAPI.DLL
0x000007fed98e0000 - 0x000007fed98f1000 	C:\Program Files\Java\jdk-12.0.1\bin\verify.dll
0x000007fef5cc0000 - 0x000007fef5de5000 	C:\Windows\system32\DBGHELP.DLL
0x000007fed98b0000 - 0x000007fed98d6000 	C:\Program Files\Java\jdk-12.0.1\bin\java.dll
0x000007fefbc30000 - 0x000007fefbc3e000 	C:\Program Files\Java\jdk-12.0.1\bin\instrument.dll
0x000007fedb540000 - 0x000007fedb557000 	C:\Program Files\Java\jdk-12.0.1\bin\zip.dll
0x000007fed9890000 - 0x000007fed989a000 	C:\Program Files\Java\jdk-12.0.1\bin\jimage.dll
0x000007fefe110000 - 0x000007fefee98000 	C:\Windows\system32\SHELL32.dll
0x000007fefd370000 - 0x000007fefd573000 	C:\Windows\system32\ole32.dll
0x000007fefcdc0000 - 0x000007fefcdcf000 	C:\Windows\system32\profapi.dll
0x000007fed9870000 - 0x000007fed9889000 	C:\Program Files\Java\jdk-12.0.1\bin\net.dll
0x000007fef7380000 - 0x000007fef73f1000 	C:\Windows\system32\WINHTTP.dll
0x000007fef7310000 - 0x000007fef7374000 	C:\Windows\system32\webio.dll
0x000007fefdf90000 - 0x000007fefe108000 	C:\Windows\system32\urlmon.dll
0x000007fefd830000 - 0x000007fefd95a000 	C:\Windows\system32\WININET.dll
0x000007fefd5d0000 - 0x000007fefd829000 	C:\Windows\system32\iertutil.dll
0x000007fefde40000 - 0x000007fefdf17000 	C:\Windows\system32\OLEAUT32.dll
0x000007fefcf70000 - 0x000007fefd0d7000 	C:\Windows\system32\CRYPT32.dll
0x000007fefce60000 - 0x000007fefce6f000 	C:\Windows\system32\MSASN1.dll
0x000007fefc630000 - 0x000007fefc685000 	C:\Windows\system32\mswsock.dll
0x000007fefc620000 - 0x000007fefc627000 	C:\Windows\System32\wship6.dll
0x000007fed8a10000 - 0x000007fed8a23000 	C:\Program Files\Java\jdk-12.0.1\bin\nio.dll
0x000007fef3f10000 - 0x000007fef3f2a000 	C:\Program Files\JetBrains\IntelliJ IDEA 2019.1.3\bin\breakgen64.dll
0x000007fed98a0000 - 0x000007fed98a9000 	C:\Program Files\Java\jdk-12.0.1\bin\management.dll
0x000007fed9860000 - 0x000007fed986c000 	C:\Program Files\Java\jdk-12.0.1\bin\management_ext.dll
0x000007fefb380000 - 0x000007fefb395000 	C:\Windows\system32\NLAapi.dll
0x000007fef8030000 - 0x000007fef8045000 	C:\Windows\system32\napinsp.dll
0x000007fef72f0000 - 0x000007fef7309000 	C:\Windows\system32\pnrpnsp.dll
0x000007fefc4b0000 - 0x000007fefc50b000 	C:\Windows\system32\DNSAPI.dll
0x000007fef72e0000 - 0x000007fef72eb000 	C:\Windows\System32\winrnr.dll
0x000007fef72d0000 - 0x000007fef72e0000 	C:\Windows\system32\wshbth.dll
0x000007fefbff0000 - 0x000007fefbff7000 	C:\Windows\System32\wshtcpip.dll
0x000007fefaa30000 - 0x000007fefaa57000 	C:\Windows\system32\IPHLPAPI.DLL
0x000007fefaa10000 - 0x000007fefaa1b000 	C:\Windows\system32\WINNSI.DLL
0x000007fef7220000 - 0x000007fef7228000 	C:\Windows\system32\rasadhlp.dll
0x000007fefa8a0000 - 0x000007fefa8f3000 	C:\Windows\System32\fwpuclnt.dll
0x000007fefc690000 - 0x000007fefc6a7000 	C:\Windows\system32\CRYPTSP.dll
0x000007fefc390000 - 0x000007fefc3d7000 	C:\Windows\system32\rsaenh.dll
0x000007fefc110000 - 0x000007fefc12e000 	C:\Windows\system32\USERENV.dll
0x000007fefccf0000 - 0x000007fefccff000 	C:\Windows\system32\CRYPTBASE.dll
0x000007fefa820000 - 0x000007fefa838000 	C:\Windows\system32\dhcpcsvc.DLL
0x000007fefa800000 - 0x000007fefa811000 	C:\Windows\system32\dhcpcsvc6.DLL

dbghelp: loaded successfully - version: 4.0.5 - missing functions: none
symbol engine: initialized successfully - sym options: 0x614 - pdb path: .;C:\Program Files\Java\jdk-12.0.1\bin;C:\Windows\SYSTEM32;C:\Windows\WinSxS\amd64_microsoft.windows.common-controls_6595b64144ccf1df_6.0.7601.17514_none_fa396087175ac9ac;C:\Program Files\Java\jdk-12.0.1\bin\server;C:\Program Files\JetBrains\IntelliJ IDEA 2019.1.3\bin

VM Arguments:
jvm_args: -ea -Didea.test.cyclic.buffer.size=1048576 -javaagent:C:\Program Files\JetBrains\IntelliJ IDEA 2019.1.3\lib\idea_rt.jar=5916:C:\Program Files\JetBrains\IntelliJ IDEA 2019.1.3\bin -Dfile.encoding=UTF-8 
java_command: com.intellij.rt.execution.junit.JUnitStarter -ideVersion5 -junit5 techcourse.myblog.web.ArticleControllerTests,게시글삭제
java_class_path (initial): C:\Program Files\JetBrains\IntelliJ IDEA 2019.1.3\lib\idea_rt.jar;C:\Program Files\JetBrains\IntelliJ IDEA 2019.1.3\plugins\junit\lib\junit-rt.jar;C:\Program Files\JetBrains\IntelliJ IDEA 2019.1.3\plugins\junit\lib\junit5-rt.jar;C:\Users\SUNGBUM\.m2\repository\org\junit\platform\junit-platform-launcher\1.3.2\junit-platform-launcher-1.3.2.jar;C:\Users\SUNGBUM\.m2\repository\org\apiguardian\apiguardian-api\1.0.0\apiguardian-api-1.0.0.jar;C:\Users\SUNGBUM\.m2\repository\org\junit\platform\junit-platform-engine\1.3.2\junit-platform-engine-1.3.2.jar;C:\Users\SUNGBUM\.m2\repository\org\junit\platform\junit-platform-commons\1.3.2\junit-platform-commons-1.3.2.jar;C:\Users\SUNGBUM\.m2\repository\org\opentest4j\opentest4j\1.1.1\opentest4j-1.1.1.jar;C:\Users\SUNGBUM\.m2\repository\org\junit\jupiter\junit-jupiter-engine\5.3.2\junit-jupiter-engine-5.3.2.jar;C:\Users\SUNGBUM\.m2\repository\org\junit\jupiter\junit-jupiter-api\5.3.2\junit-jupiter-api-5.3.2.jar;C:\Users\SUNGBUM\Desktop\GIT\Woowahantechcourse\level-2\jwp-blog\out\test\classes;C:\Users\SUNGBUM\Desktop\GIT\Woowahantechcourse\level-2\jwp-blog\out\test\resources;C:\Users\SUNGBUM\Desktop\GIT\Woowahantechcourse\level-2\jwp-blog\out\production\classes;C:\Users\SUNGBUM\Desktop\GIT\Woowahantechcourse\level-2\jwp-blog\out\production\resources;C:\Users\SUNGBUM\.gradle\caches\modules-2\files-2.1\org.springframework.boot\spring-boot-starter-web\2.1.6.RELEASE\8d232c9366b4ef3f5a919e48efb2228528391914\spring-boot-starter-web-2.1.6.RELEASE.jar;C:\Users\SUNGBUM\.gradle\caches\modules-2\files-2.1\org.springframework.boot\spring-boot-starter-thymeleaf\2.1.6.RELEASE\9d007e15b0f6c48005d1808d1c1b7f38e952ba79\spring-boot-starter-thymeleaf-2.1.6.RELEASE.jar;C:\Users\SUNGBUM\.gradle\caches\modules-2\files-2.1\org.springframework.boot\spring-boot-starter-data-jpa\2.1.6.RELEASE\3d2ff857d0cece1fea905e89371b802c5f5b0041\spring-boot-starter-data-jpa-2.1.6.RELEASE.jar;C:\Users\SUNGBUM\.gradle\caches\modules-2\files-2.1\
Launcher Type: SUN_STANDARD

[Global flags]
     intx CICompilerCount                          = 3                                         {product} {ergonomic}
     uint ConcGCThreads                            = 1                                         {product} {ergonomic}
     uint G1ConcRefinementThreads                  = 4                                         {product} {ergonomic}
   size_t G1HeapRegionSize                         = 1048576                                   {product} {ergonomic}
    uintx GCDrainStackTargetSize                   = 64                                        {product} {ergonomic}
   size_t InitialHeapSize                          = 67108864                                  {product} {ergonomic}
   size_t MarkStackSize                            = 4194304                                   {product} {ergonomic}
   size_t MaxHeapSize                              = 1054867456                                {product} {ergonomic}
   size_t MaxNewSize                               = 632291328                                 {product} {ergonomic}
   size_t MinHeapDeltaBytes                        = 1048576                                   {product} {ergonomic}
    uintx NonNMethodCodeHeapSize                   = 5830732                                {pd product} {ergonomic}
    uintx NonProfiledCodeHeapSize                  = 122913754                              {pd product} {ergonomic}
    uintx ProfiledCodeHeapSize                     = 122913754                              {pd product} {ergonomic}
    uintx ReservedCodeCacheSize                    = 251658240                              {pd product} {ergonomic}
     bool SegmentedCodeCache                       = true                                      {product} {ergonomic}
     bool UseCompressedClassPointers               = true                                 {lp64_product} {ergonomic}
     bool UseCompressedOops                        = true                                 {lp64_product} {ergonomic}
     bool UseG1GC                                  = true                                      {product} {ergonomic}
     bool UseLargePagesIndividualAllocation        = false                                  {pd product} {ergonomic}

Logging:
Log output configuration:
 #0: stdout all=warning uptime,level,tags
 #1: stderr all=off uptime,level,tags

Environment Variables:
JAVA_HOME=C:\Program Files\Java\jdk-12.0.1
PATH=C:\Program Files (x86)\Intel\iCLS Client\;C:\Program Files\Intel\iCLS Client\;C:\Windows\system32;C:\Windows;C:\Windows\System32\Wbem;C:\Windows\System32\WindowsPowerShell\v1.0\;C:\Program Files\Intel\Intel(R) Management Engine Components\DAL;C:\Program Files (x86)\Intel\Intel(R) Management Engine Components\DAL;C:\Program Files\Intel\Intel(R) Management Engine Components\IPT;C:\Program Files (x86)\Intel\Intel(R) Management Engine Components\IPT;C:\Program Files\Intel\WiFi\bin\;C:\Program Files\Common Files\Intel\WirelessCommon\;C:\Program Files\Git\cmd;C:\Windows\system32\config\systemprofile\.dnx\bin;C:\Program Files\Microsoft DNX\Dnvm\;C:\Program Files\Microsoft SQL Server\130\Tools\Binn\;C:\Program Files (x86)\Windows Kits\8.1\Windows Performance Toolkit\;C:\Program Files\MySQL\MySQL Shell 8.0\bin\
USERNAME=SUNGBUM
OS=Windows_NT
PROCESSOR_IDENTIFIER=Intel64 Family 6 Model 61 Stepping 4, GenuineIntel



---------------  S Y S T E M  ---------------

OS: Windows 7 , 64 bit Build 7601 (6.1.7601.18015)

CPU:total 4 (initial active 4) (2 cores per cpu, 2 threads per core) family 6 model 61 stepping 4, cmov, cx8, fxsr, mmx, sse, sse2, sse3, ssse3, sse4.1, sse4.2, popcnt, avx, avx2, aes, clmul, erms, 3dnowpref, lzcnt, ht, tsc, tscinvbit, bmi1, bmi2, adx, fma

Memory: 4k page, system-wide physical 4017M (125M free)
TotalPageFile size 10278M (AvailPageFile size 1993M)
current process WorkingSet (physical memory assigned to process): 273M, peak: 273M
current process commit charge ("private bytes"): 311M, peak: 311M

vm_info: Java HotSpot(TM) 64-Bit Server VM (12.0.1+12) for windows-amd64 JRE (12.0.1+12), built on Apr  2 2019 14:02:19 by "mach5one" with MS VC++ 15.5 (VS2017)

END.
