13:52:03.679 [INFO ] [restartedMain] [techcourse.myblog.MyblogApplication] - Starting MyblogApplication on DESKTOP-7TMTMCH with PID 5752 (C:\Users\eara1\Desktop\Study\Programming\Source\Java\Woowahan\Step02\jwp-blog\out\production\classes started by eara1 in C:\Users\eara1\Desktop\Study\Programming\Source\Java\Woowahan\Step02\jwp-blog)
13:52:03.682 [DEBUG] [restartedMain] [techcourse.myblog.MyblogApplication] - Running with Spring Boot v2.1.6.RELEASE, Spring v5.1.8.RELEASE
13:52:03.682 [INFO ] [restartedMain] [techcourse.myblog.MyblogApplication] - No active profile set, falling back to default profiles: default
13:52:09.046 [INFO ] [restartedMain] [techcourse.myblog.MyblogApplication] - Started MyblogApplication in 5.905 seconds (JVM running for 7.315)
13:52:25.543 [DEBUG] [http-nio-8080-exec-7] [t.m.p.controller.UserController] - user save request data : -> UserDto{name='user', email='user@naver.com'}
13:52:25.590 [DEBUG] [http-nio-8080-exec-7] [t.m.p.controller.UserController] - user save response data : -> User{id=1, name='user', email='user@naver.com'}
13:52:31.639 [DEBUG] [http-nio-8080-exec-2] [t.m.p.controller.UserController] - user login request data : -> UserDto{name='null', email='user@naver.com'}
13:52:31.651 [DEBUG] [http-nio-8080-exec-2] [t.m.p.controller.UserController] - user login response data : -> User{id=1, name='user', email='user@naver.com'}
13:53:36.137 [DEBUG] [http-nio-8080-exec-10] [t.m.p.controller.ArticleController] - article save request data : -> ArticleDto{, title='asdf', coverUrl='', contents='asdf'}
13:53:36.152 [DEBUG] [http-nio-8080-exec-10] [t.m.p.controller.ArticleController] - article save response data : -> Article{id=1, title='asdf', coverUrl='', contents='asdf', author=User{id=1, name='user', email='user@naver.com'}, createTimeAt=2019-08-07T13:53:36.145, updateTimeAt=2019-08-07T13:53:36.145}
13:53:36.161 [DEBUG] [http-nio-8080-exec-4] [t.m.p.controller.ArticleController] - article read request data : -> 1
13:53:36.190 [DEBUG] [http-nio-8080-exec-4] [t.m.p.controller.ArticleController] - article read response data : -> Article{id=1, title='asdf', coverUrl='', contents='asdf', author=User{id=1, name='user', email='user@naver.com'}, createTimeAt=2019-08-07T13:53:36.145, updateTimeAt=2019-08-07T13:53:36.145}, []
13:53:36.353 [DEBUG] [http-nio-8080-exec-7] [t.m.p.controller.ArticleController] - article read request data : -> 1
13:53:36.360 [DEBUG] [http-nio-8080-exec-7] [t.m.p.controller.ArticleController] - article read response data : -> Article{id=1, title='asdf', coverUrl='', contents='asdf', author=User{id=1, name='user', email='user@naver.com'}, createTimeAt=2019-08-07T13:53:36.145, updateTimeAt=2019-08-07T13:53:36.145}, []
13:53:37.380 [DEBUG] [http-nio-8080-exec-10] [t.m.p.controller.ArticleController] - article edit read request data : -> 1
13:53:37.391 [DEBUG] [http-nio-8080-exec-10] [t.m.p.controller.ArticleController] - article edit read response data : -> Article{id=1, title='asdf', coverUrl='', contents='asdf', author=User{id=1, name='user', email='user@naver.com'}, createTimeAt=2019-08-07T13:53:36.145, updateTimeAt=2019-08-07T13:53:36.145}
13:53:40.870 [DEBUG] [http-nio-8080-exec-10] [t.m.p.controller.ArticleController] - article modify request data : -> 1, ArticleDto{, title='asdfdddddd', coverUrl='', contents='asdf'}
13:53:40.890 [DEBUG] [http-nio-8080-exec-8] [t.m.p.controller.ArticleController] - article read request data : -> 1
13:53:40.894 [DEBUG] [http-nio-8080-exec-8] [t.m.p.controller.ArticleController] - article read response data : -> Article{id=1, title='asdfdddddd', coverUrl='', contents='asdf', author=User{id=1, name='user', email='user@naver.com'}, createTimeAt=2019-08-07T13:53:36.145, updateTimeAt=2019-08-07T13:53:40.876}, []
13:53:41.068 [DEBUG] [http-nio-8080-exec-7] [t.m.p.controller.ArticleController] - article read request data : -> 1
13:53:41.072 [DEBUG] [http-nio-8080-exec-7] [t.m.p.controller.ArticleController] - article read response data : -> Article{id=1, title='asdfdddddd', coverUrl='', contents='asdf', author=User{id=1, name='user', email='user@naver.com'}, createTimeAt=2019-08-07T13:53:36.145, updateTimeAt=2019-08-07T13:53:40.876}, []
13:55:42.602 [INFO ] [restartedMain] [techcourse.myblog.MyblogApplication] - Starting MyblogApplication on DESKTOP-7TMTMCH with PID 5752 (C:\Users\eara1\Desktop\Study\Programming\Source\Java\Woowahan\Step02\jwp-blog\out\production\classes started by eara1 in C:\Users\eara1\Desktop\Study\Programming\Source\Java\Woowahan\Step02\jwp-blog)
13:55:42.602 [DEBUG] [restartedMain] [techcourse.myblog.MyblogApplication] - Running with Spring Boot v2.1.6.RELEASE, Spring v5.1.8.RELEASE
13:55:42.602 [INFO ] [restartedMain] [techcourse.myblog.MyblogApplication] - No active profile set, falling back to default profiles: default
13:55:43.683 [INFO ] [restartedMain] [techcourse.myblog.MyblogApplication] - Started MyblogApplication in 1.118 seconds (JVM running for 221.952)
13:55:52.848 [DEBUG] [http-nio-8080-exec-9] [t.m.p.controller.UserController] - user login request data : -> UserDto{name='null', email='user@naver.com'}
13:56:08.428 [DEBUG] [http-nio-8080-exec-8] [t.m.p.controller.UserController] - user save request data : -> UserDto{name='user', email='user@naver.com'}
13:56:08.438 [DEBUG] [http-nio-8080-exec-8] [t.m.p.controller.UserController] - user save response data : -> User{id=1, name='user', email='user@naver.com'}
13:56:13.568 [DEBUG] [http-nio-8080-exec-7] [t.m.p.controller.UserController] - user login request data : -> UserDto{name='null', email='user@naver.com'}
13:56:13.570 [DEBUG] [http-nio-8080-exec-7] [t.m.p.controller.UserController] - user login response data : -> User{id=1, name='user', email='user@naver.com'}
13:58:33.550 [INFO ] [restartedMain] [techcourse.myblog.MyblogApplication] - Starting MyblogApplication on DESKTOP-7TMTMCH with PID 7592 (C:\Users\eara1\Desktop\Study\Programming\Source\Java\Woowahan\Step02\jwp-blog\out\production\classes started by eara1 in C:\Users\eara1\Desktop\Study\Programming\Source\Java\Woowahan\Step02\jwp-blog)
13:58:33.550 [DEBUG] [restartedMain] [techcourse.myblog.MyblogApplication] - Running with Spring Boot v2.1.6.RELEASE, Spring v5.1.8.RELEASE
13:58:33.550 [INFO ] [restartedMain] [techcourse.myblog.MyblogApplication] - No active profile set, falling back to default profiles: default
13:58:37.383 [INFO ] [restartedMain] [techcourse.myblog.MyblogApplication] - Started MyblogApplication in 4.195 seconds (JVM running for 5.149)
13:58:51.107 [DEBUG] [http-nio-8080-exec-5] [t.m.p.controller.UserController] - user save request data : -> UserDto{name='user', email='user@naver.com'}
13:58:51.151 [DEBUG] [http-nio-8080-exec-5] [t.m.p.controller.UserController] - user save response data : -> User{id=1, name='user', email='user@naver.com'}
13:58:55.210 [DEBUG] [http-nio-8080-exec-7] [t.m.p.controller.UserController] - user login request data : -> UserDto{name='null', email='user@naver.com'}
13:58:55.221 [DEBUG] [http-nio-8080-exec-7] [t.m.p.controller.UserController] - user login response data : -> User{id=1, name='user', email='user@naver.com'}
13:59:40.932 [INFO ] [restartedMain] [techcourse.myblog.MyblogApplication] - Starting MyblogApplication on DESKTOP-7TMTMCH with PID 7592 (C:\Users\eara1\Desktop\Study\Programming\Source\Java\Woowahan\Step02\jwp-blog\out\production\classes started by eara1 in C:\Users\eara1\Desktop\Study\Programming\Source\Java\Woowahan\Step02\jwp-blog)
13:59:40.932 [DEBUG] [restartedMain] [techcourse.myblog.MyblogApplication] - Running with Spring Boot v2.1.6.RELEASE, Spring v5.1.8.RELEASE
13:59:40.932 [INFO ] [restartedMain] [techcourse.myblog.MyblogApplication] - No active profile set, falling back to default profiles: default
13:59:41.880 [INFO ] [restartedMain] [techcourse.myblog.MyblogApplication] - Started MyblogApplication in 0.979 seconds (JVM running for 69.645)
14:00:39.561 [INFO ] [restartedMain] [techcourse.myblog.MyblogApplication] - Starting MyblogApplication on DESKTOP-7TMTMCH with PID 7592 (C:\Users\eara1\Desktop\Study\Programming\Source\Java\Woowahan\Step02\jwp-blog\out\production\classes started by eara1 in C:\Users\eara1\Desktop\Study\Programming\Source\Java\Woowahan\Step02\jwp-blog)
14:00:39.561 [DEBUG] [restartedMain] [techcourse.myblog.MyblogApplication] - Running with Spring Boot v2.1.6.RELEASE, Spring v5.1.8.RELEASE
14:00:39.561 [INFO ] [restartedMain] [techcourse.myblog.MyblogApplication] - No active profile set, falling back to default profiles: default
14:00:42.798 [INFO ] [restartedMain] [techcourse.myblog.MyblogApplication] - Starting MyblogApplication on DESKTOP-7TMTMCH with PID 7592 (C:\Users\eara1\Desktop\Study\Programming\Source\Java\Woowahan\Step02\jwp-blog\out\production\classes started by eara1 in C:\Users\eara1\Desktop\Study\Programming\Source\Java\Woowahan\Step02\jwp-blog)
14:00:42.798 [DEBUG] [restartedMain] [techcourse.myblog.MyblogApplication] - Running with Spring Boot v2.1.6.RELEASE, Spring v5.1.8.RELEASE
14:00:42.798 [INFO ] [restartedMain] [techcourse.myblog.MyblogApplication] - No active profile set, falling back to default profiles: default
14:00:43.944 [INFO ] [restartedMain] [techcourse.myblog.MyblogApplication] - Started MyblogApplication in 1.169 seconds (JVM running for 131.706)
14:00:56.780 [DEBUG] [http-nio-8080-exec-10] [t.m.p.controller.UserController] - user save request data : -> UserDto{name='user', email='user@naver.com'}
14:00:56.793 [DEBUG] [http-nio-8080-exec-10] [t.m.p.controller.UserController] - user save response data : -> User{id=1, name='user', email='user@naver.com'}
14:01:01.312 [DEBUG] [http-nio-8080-exec-8] [t.m.p.controller.UserController] - user login request data : -> UserDto{name='null', email='user@naver.com'}
14:01:01.322 [DEBUG] [http-nio-8080-exec-8] [t.m.p.controller.UserController] - user login response data : -> User{id=1, name='user', email='user@naver.com'}
14:02:53.320 [DEBUG] [http-nio-8080-exec-2] [t.m.p.controller.ArticleController] - article save request data : -> ArticleDto{, title='asdf', coverUrl='', contents='asdf'}
14:02:53.341 [DEBUG] [http-nio-8080-exec-2] [t.m.p.controller.ArticleController] - article save response data : -> Article{id=1, title='asdf', coverUrl='', contents='asdf', author=User{id=1, name='user', email='user@naver.com'}, createTimeAt=2019-08-07T14:02:53.332, updateTimeAt=2019-08-07T14:02:53.332}
14:02:53.347 [DEBUG] [http-nio-8080-exec-9] [t.m.p.controller.ArticleController] - article read request data : -> 1
14:02:53.369 [DEBUG] [http-nio-8080-exec-9] [t.m.p.controller.ArticleController] - article read response data : -> Article{id=1, title='asdf', coverUrl='', contents='asdf', author=User{id=1, name='user', email='user@naver.com'}, createTimeAt=2019-08-07T14:02:53.332, updateTimeAt=2019-08-07T14:02:53.332}, []
14:02:53.517 [DEBUG] [http-nio-8080-exec-1] [t.m.p.controller.ArticleController] - article read request data : -> 1
14:02:53.523 [DEBUG] [http-nio-8080-exec-1] [t.m.p.controller.ArticleController] - article read response data : -> Article{id=1, title='asdf', coverUrl='', contents='asdf', author=User{id=1, name='user', email='user@naver.com'}, createTimeAt=2019-08-07T14:02:53.332, updateTimeAt=2019-08-07T14:02:53.332}, []
14:02:56.103 [DEBUG] [http-nio-8080-exec-2] [t.m.p.controller.ArticleController] - article edit read request data : -> 1
14:02:56.112 [DEBUG] [http-nio-8080-exec-2] [t.m.p.controller.ArticleController] - article edit read response data : -> Article{id=1, title='asdf', coverUrl='', contents='asdf', author=User{id=1, name='user', email='user@naver.com'}, createTimeAt=2019-08-07T14:02:53.332, updateTimeAt=2019-08-07T14:02:53.332}
14:03:05.926 [DEBUG] [http-nio-8080-exec-2] [t.m.p.controller.ArticleController] - article modify request data : -> 1, ArticleDto{, title='asdfffff', coverUrl='', contents='asdf'}
14:03:05.943 [DEBUG] [http-nio-8080-exec-10] [t.m.p.controller.ArticleController] - article read request data : -> 1
14:03:05.946 [DEBUG] [http-nio-8080-exec-10] [t.m.p.controller.ArticleController] - article read response data : -> Article{id=1, title='asdfffff', coverUrl='', contents='asdf', author=User{id=1, name='user', email='user@naver.com'}, createTimeAt=2019-08-07T14:02:53.332, updateTimeAt=2019-08-07T14:03:05.931}, []
14:03:06.062 [DEBUG] [http-nio-8080-exec-1] [t.m.p.controller.ArticleController] - article read request data : -> 1
14:03:06.065 [DEBUG] [http-nio-8080-exec-1] [t.m.p.controller.ArticleController] - article read response data : -> Article{id=1, title='asdfffff', coverUrl='', contents='asdf', author=User{id=1, name='user', email='user@naver.com'}, createTimeAt=2019-08-07T14:02:53.332, updateTimeAt=2019-08-07T14:03:05.931}, []
14:06:22.920 [INFO ] [restartedMain] [techcourse.myblog.MyblogApplication] - Starting MyblogApplication on DESKTOP-7TMTMCH with PID 6684 (C:\Users\eara1\Desktop\Study\Programming\Source\Java\Woowahan\Step02\jwp-blog\out\production\classes started by eara1 in C:\Users\eara1\Desktop\Study\Programming\Source\Java\Woowahan\Step02\jwp-blog)
14:06:22.925 [DEBUG] [restartedMain] [techcourse.myblog.MyblogApplication] - Running with Spring Boot v2.1.6.RELEASE, Spring v5.1.8.RELEASE
14:06:22.927 [INFO ] [restartedMain] [techcourse.myblog.MyblogApplication] - No active profile set, falling back to default profiles: default
14:06:26.762 [INFO ] [restartedMain] [techcourse.myblog.MyblogApplication] - Started MyblogApplication in 4.323 seconds (JVM running for 5.336)
14:06:37.753 [DEBUG] [http-nio-8080-exec-9] [t.m.p.controller.UserController] - user save request data : -> UserDto{name='user', email='user@naver.com'}
14:06:37.800 [DEBUG] [http-nio-8080-exec-9] [t.m.p.controller.UserController] - user save response data : -> User{id=1, name='user', email='user@naver.com'}
14:06:41.854 [DEBUG] [http-nio-8080-exec-7] [t.m.p.controller.UserController] - user login request data : -> UserDto{name='null', email='user@naver.com'}
14:06:41.873 [DEBUG] [http-nio-8080-exec-7] [t.m.p.controller.UserController] - user login response data : -> User{id=1, name='user', email='user@naver.com'}
14:07:01.917 [DEBUG] [http-nio-8080-exec-1] [t.m.p.controller.ArticleController] - article save request data : -> ArticleDto{, title='asdf', coverUrl='', contents='asdf'}
14:07:01.931 [DEBUG] [http-nio-8080-exec-1] [t.m.p.controller.ArticleController] - article save response data : -> Article{id=1, title='asdf', coverUrl='', contents='asdf', author=User{id=1, name='asdf', email='user@naver.com'}, createTimeAt=2019-08-07T14:07:01.924, updateTimeAt=2019-08-07T14:07:01.924}
14:07:01.940 [DEBUG] [http-nio-8080-exec-8] [t.m.p.controller.ArticleController] - article read request data : -> 1
14:07:01.961 [DEBUG] [http-nio-8080-exec-8] [t.m.p.controller.ArticleController] - article read response data : -> Article{id=1, title='asdf', coverUrl='', contents='asdf', author=User{id=1, name='asdf', email='user@naver.com'}, createTimeAt=2019-08-07T14:07:01.924, updateTimeAt=2019-08-07T14:07:01.924}, []
14:07:02.098 [DEBUG] [http-nio-8080-exec-9] [t.m.p.controller.ArticleController] - article read request data : -> 1
14:07:02.104 [DEBUG] [http-nio-8080-exec-9] [t.m.p.controller.ArticleController] - article read response data : -> Article{id=1, title='asdf', coverUrl='', contents='asdf', author=User{id=1, name='asdf', email='user@naver.com'}, createTimeAt=2019-08-07T14:07:01.924, updateTimeAt=2019-08-07T14:07:01.924}, []
14:07:05.031 [DEBUG] [http-nio-8080-exec-1] [t.m.p.controller.CommentController] - comment save request data : -> 1, CommentDto{contents=asdf}
14:07:05.035 [DEBUG] [http-nio-8080-exec-1] [t.m.p.controller.CommentController] - comment save response data : -> Comment{id=1, contents='asdf', writer=User{id=1, name='asdf', email='user@naver.com'}, article=Article{id=1, title='asdf', coverUrl='', contents='asdf', author=User{id=1, name='asdf', email='user@naver.com'}, createTimeAt=2019-08-07T14:07:01.924, updateTimeAt=2019-08-07T14:07:01.924}, createTimeAt=2019-08-07T14:07:05.035, updateTimeAt=2019-08-07T14:07:05.035}
14:07:08.179 [DEBUG] [http-nio-8080-exec-2] [t.m.p.controller.CommentController] - comment update request data : -> 1, CommentDto{contents=asdfffff}
14:07:08.191 [DEBUG] [http-nio-8080-exec-2] [t.m.p.controller.CommentController] - comment update response data : -> Comment{id=1, contents='asdfffff', writer=User{id=1, name='asdf', email='user@naver.com'}, article=Article{id=1, title='asdf', coverUrl='', contents='asdf', author=User{id=1, name='asdf', email='user@naver.com'}, createTimeAt=2019-08-07T14:07:01.924, updateTimeAt=2019-08-07T14:07:01.924}, createTimeAt=2019-08-07T14:07:05.035, updateTimeAt=2019-08-07T14:07:08.189}
14:12:14.253 [INFO ] [restartedMain] [techcourse.myblog.MyblogApplication] - Starting MyblogApplication on DESKTOP-7TMTMCH with PID 5576 (C:\Users\eara1\Desktop\Study\Programming\Source\Java\Woowahan\Step02\jwp-blog\out\production\classes started by eara1 in C:\Users\eara1\Desktop\Study\Programming\Source\Java\Woowahan\Step02\jwp-blog)
14:12:14.256 [DEBUG] [restartedMain] [techcourse.myblog.MyblogApplication] - Running with Spring Boot v2.1.6.RELEASE, Spring v5.1.8.RELEASE
14:12:14.256 [INFO ] [restartedMain] [techcourse.myblog.MyblogApplication] - No active profile set, falling back to default profiles: default
14:12:18.553 [INFO ] [restartedMain] [techcourse.myblog.MyblogApplication] - Started MyblogApplication in 4.69 seconds (JVM running for 5.478)
14:12:33.201 [DEBUG] [http-nio-8080-exec-9] [t.m.p.controller.UserController] - user save request data : -> UserDto{name='user', email='user@naver.com'}
14:12:33.246 [DEBUG] [http-nio-8080-exec-9] [t.m.p.controller.UserController] - user save response data : -> User{id=1, name='user', email='user@naver.com'}
14:12:39.597 [DEBUG] [http-nio-8080-exec-6] [t.m.p.controller.UserController] - user login request data : -> UserDto{name='null', email='user@naver.com'}
14:12:39.616 [DEBUG] [http-nio-8080-exec-6] [t.m.p.controller.UserController] - user login response data : -> User{id=1, name='user', email='user@naver.com'}
14:13:00.623 [INFO ] [restartedMain] [techcourse.myblog.MyblogApplication] - Starting MyblogApplication on DESKTOP-7TMTMCH with PID 5576 (C:\Users\eara1\Desktop\Study\Programming\Source\Java\Woowahan\Step02\jwp-blog\out\production\classes started by eara1 in C:\Users\eara1\Desktop\Study\Programming\Source\Java\Woowahan\Step02\jwp-blog)
14:13:00.623 [DEBUG] [restartedMain] [techcourse.myblog.MyblogApplication] - Running with Spring Boot v2.1.6.RELEASE, Spring v5.1.8.RELEASE
14:13:00.623 [INFO ] [restartedMain] [techcourse.myblog.MyblogApplication] - No active profile set, falling back to default profiles: default
14:13:01.644 [INFO ] [restartedMain] [techcourse.myblog.MyblogApplication] - Started MyblogApplication in 1.052 seconds (JVM running for 48.579)
14:24:41.824 [DEBUG] [http-nio-8080-exec-8] [t.m.p.controller.UserController] - user save request data : -> UserDto{name='user', email='user@naver.com'}
14:24:41.836 [DEBUG] [http-nio-8080-exec-8] [t.m.p.controller.UserController] - user save response data : -> User{id=1, name='user', email='user@naver.com'}
14:24:47.295 [DEBUG] [http-nio-8080-exec-5] [t.m.p.controller.UserController] - user login request data : -> UserDto{name='null', email='user@naver.com'}
14:24:47.305 [DEBUG] [http-nio-8080-exec-5] [t.m.p.controller.UserController] - user login response data : -> User{id=1, name='user', email='user@naver.com'}
14:24:51.862 [DEBUG] [http-nio-8080-exec-8] [t.m.p.controller.ArticleController] - article save request data : -> ArticleDto{, title='asdf', coverUrl='', contents='asdf'}
14:24:51.877 [DEBUG] [http-nio-8080-exec-8] [t.m.p.controller.ArticleController] - article save response data : -> Article{id=1, title='asdf', coverUrl='', contents='asdf', author=User{id=1, name='user', email='user@naver.com'}, createTimeAt=2019-08-07T14:24:51.869, updateTimeAt=2019-08-07T14:24:51.870}
14:24:51.884 [DEBUG] [http-nio-8080-exec-1] [t.m.p.controller.ArticleController] - article read request data : -> 1
14:24:51.907 [DEBUG] [http-nio-8080-exec-1] [t.m.p.controller.ArticleController] - article read response data : -> Article{id=1, title='asdf', coverUrl='', contents='asdf', author=User{id=1, name='user', email='user@naver.com'}, createTimeAt=2019-08-07T14:24:51.869, updateTimeAt=2019-08-07T14:24:51.870}, []
14:24:52.045 [DEBUG] [http-nio-8080-exec-5] [t.m.p.controller.ArticleController] - article read request data : -> 1
14:24:52.050 [DEBUG] [http-nio-8080-exec-5] [t.m.p.controller.ArticleController] - article read response data : -> Article{id=1, title='asdf', coverUrl='', contents='asdf', author=User{id=1, name='user', email='user@naver.com'}, createTimeAt=2019-08-07T14:24:51.869, updateTimeAt=2019-08-07T14:24:51.870}, []
14:27:21.336 [DEBUG] [http-nio-8080-exec-1] [t.m.p.controller.ArticleController] - article edit read request data : -> 1
14:27:21.346 [DEBUG] [http-nio-8080-exec-1] [t.m.p.controller.ArticleController] - article edit read response data : -> Article{id=1, title='asdf', coverUrl='', contents='asdf', author=User{id=1, name='user', email='user@naver.com'}, createTimeAt=2019-08-07T14:24:51.869, updateTimeAt=2019-08-07T14:24:51.870}
14:27:23.785 [DEBUG] [http-nio-8080-exec-1] [t.m.p.controller.ArticleController] - article modify request data : -> 1, ArticleDto{, title='asdfasdfasdf', coverUrl='', contents='asdf'}
14:27:23.799 [DEBUG] [http-nio-8080-exec-6] [t.m.p.controller.ArticleController] - article read request data : -> 1
14:27:23.802 [DEBUG] [http-nio-8080-exec-6] [t.m.p.controller.ArticleController] - article read response data : -> Article{id=1, title='asdfasdfasdf', coverUrl='', contents='asdf', author=User{id=1, name='user', email='user@naver.com'}, createTimeAt=2019-08-07T14:24:51.869, updateTimeAt=2019-08-07T14:27:23.791}, []
14:27:23.950 [DEBUG] [http-nio-8080-exec-9] [t.m.p.controller.ArticleController] - article read request data : -> 1
14:27:23.953 [DEBUG] [http-nio-8080-exec-9] [t.m.p.controller.ArticleController] - article read response data : -> Article{id=1, title='asdfasdfasdf', coverUrl='', contents='asdf', author=User{id=1, name='user', email='user@naver.com'}, createTimeAt=2019-08-07T14:24:51.869, updateTimeAt=2019-08-07T14:27:23.791}, []
17:28:34.667 [INFO ] [restartedMain] [techcourse.myblog.MyblogApplication] - Starting MyblogApplication on DESKTOP-7TMTMCH with PID 5576 (C:\Users\eara1\Desktop\Study\Programming\Source\Java\Woowahan\Step02\jwp-blog\out\production\classes started by eara1 in C:\Users\eara1\Desktop\Study\Programming\Source\Java\Woowahan\Step02\jwp-blog)
17:28:34.667 [DEBUG] [restartedMain] [techcourse.myblog.MyblogApplication] - Running with Spring Boot v2.1.6.RELEASE, Spring v5.1.8.RELEASE
17:28:34.667 [INFO ] [restartedMain] [techcourse.myblog.MyblogApplication] - No active profile set, falling back to default profiles: default
17:28:45.422 [INFO ] [restartedMain] [techcourse.myblog.MyblogApplication] - Starting MyblogApplication on DESKTOP-7TMTMCH with PID 5576 (C:\Users\eara1\Desktop\Study\Programming\Source\Java\Woowahan\Step02\jwp-blog\out\production\classes started by eara1 in C:\Users\eara1\Desktop\Study\Programming\Source\Java\Woowahan\Step02\jwp-blog)
17:28:45.422 [DEBUG] [restartedMain] [techcourse.myblog.MyblogApplication] - Running with Spring Boot v2.1.6.RELEASE, Spring v5.1.8.RELEASE
17:28:45.422 [INFO ] [restartedMain] [techcourse.myblog.MyblogApplication] - No active profile set, falling back to default profiles: default
17:29:01.790 [INFO ] [restartedMain] [techcourse.myblog.MyblogApplication] - Starting MyblogApplication on DESKTOP-7TMTMCH with PID 5576 (C:\Users\eara1\Desktop\Study\Programming\Source\Java\Woowahan\Step02\jwp-blog\out\production\classes started by eara1 in C:\Users\eara1\Desktop\Study\Programming\Source\Java\Woowahan\Step02\jwp-blog)
17:29:01.790 [DEBUG] [restartedMain] [techcourse.myblog.MyblogApplication] - Running with Spring Boot v2.1.6.RELEASE, Spring v5.1.8.RELEASE
17:29:01.790 [INFO ] [restartedMain] [techcourse.myblog.MyblogApplication] - No active profile set, falling back to default profiles: default
17:29:03.630 [INFO ] [restartedMain] [techcourse.myblog.MyblogApplication] - Starting MyblogApplication on DESKTOP-7TMTMCH with PID 5576 (C:\Users\eara1\Desktop\Study\Programming\Source\Java\Woowahan\Step02\jwp-blog\out\production\classes started by eara1 in C:\Users\eara1\Desktop\Study\Programming\Source\Java\Woowahan\Step02\jwp-blog)
17:29:03.630 [DEBUG] [restartedMain] [techcourse.myblog.MyblogApplication] - Running with Spring Boot v2.1.6.RELEASE, Spring v5.1.8.RELEASE
17:29:03.630 [INFO ] [restartedMain] [techcourse.myblog.MyblogApplication] - No active profile set, falling back to default profiles: default
17:29:20.282 [INFO ] [restartedMain] [techcourse.myblog.MyblogApplication] - Starting MyblogApplication on DESKTOP-7TMTMCH with PID 5576 (C:\Users\eara1\Desktop\Study\Programming\Source\Java\Woowahan\Step02\jwp-blog\out\production\classes started by eara1 in C:\Users\eara1\Desktop\Study\Programming\Source\Java\Woowahan\Step02\jwp-blog)
17:29:20.282 [DEBUG] [restartedMain] [techcourse.myblog.MyblogApplication] - Running with Spring Boot v2.1.6.RELEASE, Spring v5.1.8.RELEASE
17:29:20.282 [INFO ] [restartedMain] [techcourse.myblog.MyblogApplication] - No active profile set, falling back to default profiles: default
17:29:53.542 [INFO ] [restartedMain] [techcourse.myblog.MyblogApplication] - Starting MyblogApplication on DESKTOP-7TMTMCH with PID 5576 (C:\Users\eara1\Desktop\Study\Programming\Source\Java\Woowahan\Step02\jwp-blog\out\production\classes started by eara1 in C:\Users\eara1\Desktop\Study\Programming\Source\Java\Woowahan\Step02\jwp-blog)
17:29:53.542 [DEBUG] [restartedMain] [techcourse.myblog.MyblogApplication] - Running with Spring Boot v2.1.6.RELEASE, Spring v5.1.8.RELEASE
17:29:53.542 [INFO ] [restartedMain] [techcourse.myblog.MyblogApplication] - No active profile set, falling back to default profiles: default
